<?xml version="1.0" encoding="UTF-8"?>
<coverage generated="1519564908736" clover="3.2.0">
  <project timestamp="1519564908737" name="All files">
    <metrics statements="408" coveredstatements="167" conditionals="135" coveredconditionals="19" methods="76" coveredmethods="13" elements="619" coveredelements="199" complexity="0" loc="408" ncloc="408" packages="5" files="9" classes="9">
      <package name="src">
        <metrics statements="88" coveredstatements="84" conditionals="19" coveredconditionals="15" methods="7" coveredmethods="6"/>
        <file name="app.ts" path="/Users/ashishsingh/code/expense-app/expense-node-service/src/app.ts">
          <metrics statements="88" coveredstatements="84" conditionals="19" coveredconditionals="15" methods="7" coveredmethods="6"/>
          <line num="2" count="5" type="stmt"/>
          <line num="3" count="5" type="stmt"/>
          <line num="5" count="5" type="stmt"/>
          <line num="6" count="5" type="stmt"/>
          <line num="7" count="5" type="stmt"/>
          <line num="8" count="5" type="stmt"/>
          <line num="9" count="5" type="stmt"/>
          <line num="10" count="5" type="stmt"/>
          <line num="11" count="5" type="stmt"/>
          <line num="12" count="5" type="stmt"/>
          <line num="13" count="5" type="stmt"/>
          <line num="14" count="5" type="stmt"/>
          <line num="15" count="5" type="stmt"/>
          <line num="16" count="5" type="stmt"/>
          <line num="17" count="5" type="stmt"/>
          <line num="18" count="5" type="stmt"/>
          <line num="20" count="5" type="stmt"/>
          <line num="22" count="5" type="stmt"/>
          <line num="23" count="5" type="stmt"/>
          <line num="24" count="5" type="stmt"/>
          <line num="25" count="5" type="stmt"/>
          <line num="26" count="5" type="stmt"/>
          <line num="28" count="5" type="stmt"/>
          <line num="30" count="5" type="stmt"/>
          <line num="32" count="5" type="cond" truecount="2" falsecount="0"/>
          <line num="33" count="5" type="stmt"/>
          <line num="34" count="5" type="stmt"/>
          <line num="35" count="5" type="stmt"/>
          <line num="36" count="0" type="stmt"/>
          <line num="40" count="5" type="cond" truecount="2" falsecount="0"/>
          <line num="41" count="5" type="stmt"/>
          <line num="42" count="5" type="stmt"/>
          <line num="43" count="5" type="stmt"/>
          <line num="44" count="5" type="stmt"/>
          <line num="45" count="5" type="stmt"/>
          <line num="46" count="5" type="stmt"/>
          <line num="47" count="5" type="stmt"/>
          <line num="48" count="5" type="stmt"/>
          <line num="57" count="5" type="stmt"/>
          <line num="58" count="5" type="stmt"/>
          <line num="59" count="5" type="stmt"/>
          <line num="60" count="5" type="stmt"/>
          <line num="61" count="5" type="stmt"/>
          <line num="62" count="5" type="stmt"/>
          <line num="63" count="8" type="stmt"/>
          <line num="64" count="8" type="stmt"/>
          <line num="66" count="5" type="stmt"/>
          <line num="68" count="8" type="cond" truecount="7" falsecount="0"/>
          <line num="73" count="5" type="stmt"/>
          <line num="75" count="3" type="cond" truecount="2" falsecount="2"/>
          <line num="77" count="0" type="stmt"/>
          <line num="79" count="8" type="stmt"/>
          <line num="81" count="5" type="stmt"/>
          <line num="85" count="5" type="stmt"/>
          <line num="86" count="5" type="stmt"/>
          <line num="87" count="5" type="stmt"/>
          <line num="88" count="5" type="stmt"/>
          <line num="89" count="5" type="stmt"/>
          <line num="90" count="5" type="stmt"/>
          <line num="91" count="5" type="stmt"/>
          <line num="92" count="5" type="stmt"/>
          <line num="93" count="5" type="stmt"/>
          <line num="94" count="5" type="stmt"/>
          <line num="95" count="5" type="stmt"/>
          <line num="96" count="5" type="stmt"/>
          <line num="97" count="5" type="stmt"/>
          <line num="98" count="5" type="stmt"/>
          <line num="99" count="5" type="stmt"/>
          <line num="100" count="5" type="stmt"/>
          <line num="101" count="5" type="stmt"/>
          <line num="102" count="5" type="stmt"/>
          <line num="103" count="5" type="stmt"/>
          <line num="108" count="5" type="stmt"/>
          <line num="109" count="1" type="stmt"/>
          <line num="110" count="1" type="stmt"/>
          <line num="111" count="1" type="cond" truecount="1" falsecount="1"/>
          <line num="112" count="0" type="stmt"/>
          <line num="113" count="0" type="stmt"/>
          <line num="115" count="1" type="stmt"/>
          <line num="120" count="5" type="stmt"/>
          <line num="121" count="5" type="stmt"/>
          <line num="122" count="1" type="stmt"/>
          <line num="123" count="1" type="stmt"/>
          <line num="124" count="1" type="stmt"/>
          <line num="126" count="5" type="stmt"/>
          <line num="127" count="1" type="cond" truecount="1" falsecount="1"/>
          <line num="128" count="1" type="stmt"/>
          <line num="134" count="5" type="stmt"/>
        </file>
      </package>
      <package name="src.config">
        <metrics statements="32" coveredstatements="11" conditionals="12" coveredconditionals="0" methods="8" coveredmethods="0"/>
        <file name="passport.ts" path="/Users/ashishsingh/code/expense-app/expense-node-service/src/config/passport.ts">
          <metrics statements="32" coveredstatements="11" conditionals="12" coveredconditionals="0" methods="8" coveredmethods="0"/>
          <line num="2" count="5" type="stmt"/>
          <line num="7" count="5" type="stmt"/>
          <line num="8" count="5" type="stmt"/>
          <line num="9" count="5" type="stmt"/>
          <line num="10" count="5" type="stmt"/>
          <line num="11" count="5" type="stmt"/>
          <line num="12" count="5" type="stmt"/>
          <line num="13" count="0" type="stmt"/>
          <line num="15" count="5" type="stmt"/>
          <line num="16" count="0" type="stmt"/>
          <line num="17" count="0" type="stmt"/>
          <line num="23" count="5" type="stmt"/>
          <line num="24" count="0" type="stmt"/>
          <line num="25" count="0" type="cond" truecount="0" falsecount="2"/>
          <line num="26" count="0" type="stmt"/>
          <line num="28" count="0" type="cond" truecount="0" falsecount="2"/>
          <line num="29" count="0" type="stmt"/>
          <line num="31" count="0" type="stmt"/>
          <line num="32" count="0" type="cond" truecount="0" falsecount="2"/>
          <line num="33" count="0" type="stmt"/>
          <line num="35" count="0" type="cond" truecount="0" falsecount="2"/>
          <line num="36" count="0" type="stmt"/>
          <line num="38" count="0" type="stmt"/>
          <line num="42" count="5" type="stmt"/>
          <line num="43" count="0" type="cond" truecount="0" falsecount="2"/>
          <line num="44" count="0" type="stmt"/>
          <line num="46" count="0" type="stmt"/>
          <line num="48" count="5" type="stmt"/>
          <line num="49" count="0" type="stmt"/>
          <line num="50" count="0" type="cond" truecount="0" falsecount="2"/>
          <line num="51" count="0" type="stmt"/>
          <line num="54" count="0" type="stmt"/>
        </file>
      </package>
      <package name="src.controllers">
        <metrics statements="246" coveredstatements="53" conditionals="94" coveredconditionals="4" methods="52" coveredmethods="7"/>
        <file name="block.ts" path="/Users/ashishsingh/code/expense-app/expense-node-service/src/controllers/block.ts">
          <metrics statements="30" coveredstatements="5" conditionals="10" coveredconditionals="0" methods="5" coveredmethods="1"/>
          <line num="2" count="5" type="stmt"/>
          <line num="3" count="5" type="stmt"/>
          <line num="4" count="5" type="stmt"/>
          <line num="5" count="1" type="stmt"/>
          <line num="9" count="5" type="stmt"/>
          <line num="10" count="0" type="stmt"/>
          <line num="11" count="0" type="stmt"/>
          <line num="12" count="0" type="stmt"/>
          <line num="13" count="0" type="stmt"/>
          <line num="14" count="0" type="stmt"/>
          <line num="15" count="0" type="stmt"/>
          <line num="16" count="0" type="stmt"/>
          <line num="17" count="0" type="cond" truecount="0" falsecount="2"/>
          <line num="18" count="0" type="stmt"/>
          <line num="19" count="0" type="stmt"/>
          <line num="21" count="0" type="stmt"/>
          <line num="29" count="0" type="stmt"/>
          <line num="30" count="0" type="cond" truecount="0" falsecount="2"/>
          <line num="31" count="0" type="stmt"/>
          <line num="33" count="0" type="cond" truecount="0" falsecount="2"/>
          <line num="34" count="0" type="stmt"/>
          <line num="35" count="0" type="stmt"/>
          <line num="37" count="0" type="stmt"/>
          <line num="38" count="0" type="cond" truecount="0" falsecount="2"/>
          <line num="39" count="0" type="stmt"/>
          <line num="41" count="0" type="stmt"/>
          <line num="42" count="0" type="cond" truecount="0" falsecount="2"/>
          <line num="43" count="0" type="stmt"/>
          <line num="45" count="0" type="stmt"/>
          <line num="46" count="0" type="stmt"/>
        </file>
        <file name="contact.ts" path="/Users/ashishsingh/code/expense-app/expense-node-service/src/controllers/contact.ts">
          <metrics statements="20" coveredstatements="13" conditionals="4" coveredconditionals="1" methods="3" coveredmethods="2"/>
          <line num="2" count="5" type="stmt"/>
          <line num="3" count="5" type="stmt"/>
          <line num="4" count="5" type="stmt"/>
          <line num="15" count="5" type="stmt"/>
          <line num="16" count="1" type="stmt"/>
          <line num="23" count="5" type="stmt"/>
          <line num="24" count="1" type="stmt"/>
          <line num="25" count="1" type="stmt"/>
          <line num="26" count="1" type="stmt"/>
          <line num="27" count="1" type="stmt"/>
          <line num="28" count="1" type="cond" truecount="1" falsecount="1"/>
          <line num="29" count="1" type="stmt"/>
          <line num="30" count="1" type="stmt"/>
          <line num="32" count="0" type="stmt"/>
          <line num="38" count="0" type="stmt"/>
          <line num="39" count="0" type="cond" truecount="0" falsecount="2"/>
          <line num="40" count="0" type="stmt"/>
          <line num="41" count="0" type="stmt"/>
          <line num="43" count="0" type="stmt"/>
          <line num="44" count="0" type="stmt"/>
        </file>
        <file name="home.ts" path="/Users/ashishsingh/code/expense-app/expense-node-service/src/controllers/home.ts">
          <metrics statements="3" coveredstatements="3" conditionals="0" coveredconditionals="0" methods="1" coveredmethods="1"/>
          <line num="2" count="5" type="stmt"/>
          <line num="7" count="5" type="stmt"/>
          <line num="8" count="1" type="stmt"/>
        </file>
        <file name="user.ts" path="/Users/ashishsingh/code/expense-app/expense-node-service/src/controllers/user.ts">
          <metrics statements="193" coveredstatements="32" conditionals="80" coveredconditionals="3" methods="43" coveredmethods="3"/>
          <line num="2" count="5" type="stmt"/>
          <line num="3" count="5" type="stmt"/>
          <line num="4" count="5" type="stmt"/>
          <line num="5" count="5" type="stmt"/>
          <line num="6" count="5" type="stmt"/>
          <line num="7" count="5" type="stmt"/>
          <line num="8" count="5" type="stmt"/>
          <line num="13" count="5" type="stmt"/>
          <line num="14" count="1" type="cond" truecount="1" falsecount="1"/>
          <line num="15" count="0" type="stmt"/>
          <line num="17" count="1" type="stmt"/>
          <line num="25" count="5" type="stmt"/>
          <line num="26" count="1" type="stmt"/>
          <line num="27" count="1" type="stmt"/>
          <line num="28" count="1" type="stmt"/>
          <line num="29" count="1" type="stmt"/>
          <line num="30" count="1" type="cond" truecount="1" falsecount="1"/>
          <line num="31" count="1" type="stmt"/>
          <line num="32" count="1" type="stmt"/>
          <line num="34" count="0" type="stmt"/>
          <line num="35" count="0" type="cond" truecount="0" falsecount="2"/>
          <line num="36" count="0" type="stmt"/>
          <line num="38" count="0" type="cond" truecount="0" falsecount="2"/>
          <line num="39" count="0" type="stmt"/>
          <line num="40" count="0" type="stmt"/>
          <line num="42" count="0" type="stmt"/>
          <line num="43" count="0" type="cond" truecount="0" falsecount="2"/>
          <line num="44" count="0" type="stmt"/>
          <line num="46" count="0" type="stmt"/>
          <line num="47" count="0" type="cond" truecount="0" falsecount="2"/>
          <line num="55" count="5" type="stmt"/>
          <line num="56" count="0" type="stmt"/>
          <line num="57" count="0" type="stmt"/>
          <line num="63" count="5" type="stmt"/>
          <line num="64" count="1" type="cond" truecount="1" falsecount="1"/>
          <line num="65" count="0" type="stmt"/>
          <line num="67" count="1" type="stmt"/>
          <line num="75" count="5" type="stmt"/>
          <line num="76" count="0" type="stmt"/>
          <line num="77" count="0" type="stmt"/>
          <line num="78" count="0" type="stmt"/>
          <line num="79" count="0" type="stmt"/>
          <line num="80" count="0" type="stmt"/>
          <line num="81" count="0" type="cond" truecount="0" falsecount="2"/>
          <line num="82" count="0" type="stmt"/>
          <line num="83" count="0" type="stmt"/>
          <line num="85" count="0" type="stmt"/>
          <line num="89" count="0" type="stmt"/>
          <line num="90" count="0" type="cond" truecount="0" falsecount="2"/>
          <line num="91" count="0" type="stmt"/>
          <line num="93" count="0" type="cond" truecount="0" falsecount="2"/>
          <line num="94" count="0" type="stmt"/>
          <line num="95" count="0" type="stmt"/>
          <line num="97" count="0" type="stmt"/>
          <line num="98" count="0" type="cond" truecount="0" falsecount="2"/>
          <line num="99" count="0" type="stmt"/>
          <line num="101" count="0" type="stmt"/>
          <line num="102" count="0" type="cond" truecount="0" falsecount="2"/>
          <line num="103" count="0" type="stmt"/>
          <line num="105" count="0" type="stmt"/>
          <line num="114" count="5" type="stmt"/>
          <line num="115" count="0" type="stmt"/>
          <line num="123" count="5" type="stmt"/>
          <line num="124" count="0" type="stmt"/>
          <line num="125" count="0" type="stmt"/>
          <line num="126" count="0" type="stmt"/>
          <line num="127" count="0" type="cond" truecount="0" falsecount="2"/>
          <line num="128" count="0" type="stmt"/>
          <line num="129" count="0" type="stmt"/>
          <line num="131" count="0" type="stmt"/>
          <line num="132" count="0" type="cond" truecount="0" falsecount="2"/>
          <line num="133" count="0" type="stmt"/>
          <line num="135" count="0" type="cond" truecount="0" falsecount="2"/>
          <line num="136" count="0" type="cond" truecount="0" falsecount="2"/>
          <line num="137" count="0" type="cond" truecount="0" falsecount="2"/>
          <line num="138" count="0" type="cond" truecount="0" falsecount="2"/>
          <line num="139" count="0" type="cond" truecount="0" falsecount="2"/>
          <line num="140" count="0" type="stmt"/>
          <line num="141" count="0" type="cond" truecount="0" falsecount="2"/>
          <line num="142" count="0" type="cond" truecount="0" falsecount="2"/>
          <line num="143" count="0" type="stmt"/>
          <line num="144" count="0" type="stmt"/>
          <line num="146" count="0" type="stmt"/>
          <line num="148" count="0" type="stmt"/>
          <line num="149" count="0" type="stmt"/>
          <line num="157" count="5" type="stmt"/>
          <line num="158" count="0" type="stmt"/>
          <line num="159" count="0" type="stmt"/>
          <line num="160" count="0" type="stmt"/>
          <line num="161" count="0" type="cond" truecount="0" falsecount="2"/>
          <line num="162" count="0" type="stmt"/>
          <line num="163" count="0" type="stmt"/>
          <line num="165" count="0" type="stmt"/>
          <line num="166" count="0" type="cond" truecount="0" falsecount="2"/>
          <line num="167" count="0" type="stmt"/>
          <line num="169" count="0" type="stmt"/>
          <line num="170" count="0" type="stmt"/>
          <line num="171" count="0" type="cond" truecount="0" falsecount="2"/>
          <line num="172" count="0" type="stmt"/>
          <line num="174" count="0" type="stmt"/>
          <line num="175" count="0" type="stmt"/>
          <line num="183" count="5" type="stmt"/>
          <line num="184" count="0" type="stmt"/>
          <line num="185" count="0" type="cond" truecount="0" falsecount="2"/>
          <line num="186" count="0" type="stmt"/>
          <line num="188" count="0" type="stmt"/>
          <line num="189" count="0" type="stmt"/>
          <line num="190" count="0" type="stmt"/>
          <line num="197" count="5" type="stmt"/>
          <line num="198" count="0" type="stmt"/>
          <line num="199" count="0" type="stmt"/>
          <line num="200" count="0" type="cond" truecount="0" falsecount="2"/>
          <line num="201" count="0" type="stmt"/>
          <line num="203" count="0" type="stmt"/>
          <line num="204" count="0" type="stmt"/>
          <line num="205" count="0" type="stmt"/>
          <line num="206" count="0" type="cond" truecount="0" falsecount="2"/>
          <line num="207" count="0" type="stmt"/>
          <line num="209" count="0" type="stmt"/>
          <line num="210" count="0" type="stmt"/>
          <line num="218" count="5" type="stmt"/>
          <line num="219" count="0" type="cond" truecount="0" falsecount="2"/>
          <line num="220" count="0" type="stmt"/>
          <line num="222" count="0" type="stmt"/>
          <line num="226" count="0" type="cond" truecount="0" falsecount="2"/>
          <line num="227" count="0" type="stmt"/>
          <line num="229" count="0" type="cond" truecount="0" falsecount="2"/>
          <line num="230" count="0" type="stmt"/>
          <line num="231" count="0" type="stmt"/>
          <line num="233" count="0" type="stmt"/>
          <line num="242" count="5" type="stmt"/>
          <line num="243" count="0" type="stmt"/>
          <line num="244" count="0" type="stmt"/>
          <line num="245" count="0" type="stmt"/>
          <line num="246" count="0" type="cond" truecount="0" falsecount="2"/>
          <line num="247" count="0" type="stmt"/>
          <line num="248" count="0" type="stmt"/>
          <line num="250" count="0" type="stmt"/>
          <line num="252" count="0" type="stmt"/>
          <line num="256" count="0" type="cond" truecount="0" falsecount="2"/>
          <line num="257" count="0" type="stmt"/>
          <line num="259" count="0" type="cond" truecount="0" falsecount="2"/>
          <line num="260" count="0" type="stmt"/>
          <line num="261" count="0" type="stmt"/>
          <line num="263" count="0" type="stmt"/>
          <line num="264" count="0" type="stmt"/>
          <line num="265" count="0" type="stmt"/>
          <line num="266" count="0" type="stmt"/>
          <line num="267" count="0" type="cond" truecount="0" falsecount="2"/>
          <line num="268" count="0" type="stmt"/>
          <line num="270" count="0" type="stmt"/>
          <line num="271" count="0" type="stmt"/>
          <line num="277" count="0" type="stmt"/>
          <line num="284" count="0" type="stmt"/>
          <line num="290" count="0" type="stmt"/>
          <line num="291" count="0" type="stmt"/>
          <line num="292" count="0" type="stmt"/>
          <line num="296" count="0" type="cond" truecount="0" falsecount="2"/>
          <line num="297" count="0" type="stmt"/>
          <line num="299" count="0" type="stmt"/>
          <line num="306" count="5" type="stmt"/>
          <line num="307" count="0" type="cond" truecount="0" falsecount="2"/>
          <line num="308" count="0" type="stmt"/>
          <line num="310" count="0" type="stmt"/>
          <line num="318" count="5" type="stmt"/>
          <line num="319" count="0" type="stmt"/>
          <line num="320" count="0" type="stmt"/>
          <line num="321" count="0" type="stmt"/>
          <line num="322" count="0" type="cond" truecount="0" falsecount="2"/>
          <line num="323" count="0" type="stmt"/>
          <line num="324" count="0" type="stmt"/>
          <line num="326" count="0" type="stmt"/>
          <line num="328" count="0" type="stmt"/>
          <line num="329" count="0" type="stmt"/>
          <line num="330" count="0" type="stmt"/>
          <line num="334" count="0" type="stmt"/>
          <line num="335" count="0" type="cond" truecount="0" falsecount="2"/>
          <line num="336" count="0" type="stmt"/>
          <line num="338" count="0" type="cond" truecount="0" falsecount="2"/>
          <line num="339" count="0" type="stmt"/>
          <line num="340" count="0" type="stmt"/>
          <line num="342" count="0" type="stmt"/>
          <line num="343" count="0" type="stmt"/>
          <line num="344" count="0" type="stmt"/>
          <line num="345" count="0" type="stmt"/>
          <line num="350" count="0" type="stmt"/>
          <line num="357" count="0" type="stmt"/>
          <line num="366" count="0" type="stmt"/>
          <line num="367" count="0" type="stmt"/>
          <line num="368" count="0" type="stmt"/>
          <line num="372" count="0" type="cond" truecount="0" falsecount="2"/>
          <line num="373" count="0" type="stmt"/>
          <line num="375" count="0" type="stmt"/>
        </file>
      </package>
      <package name="src.models">
        <metrics statements="26" coveredstatements="13" conditionals="6" coveredconditionals="0" methods="5" coveredmethods="0"/>
        <file name="Block.ts" path="/Users/ashishsingh/code/expense-app/expense-node-service/src/models/Block.ts">
          <metrics statements="5" coveredstatements="5" conditionals="0" coveredconditionals="0" methods="0" coveredmethods="0"/>
          <line num="2" count="5" type="stmt"/>
          <line num="3" count="5" type="stmt"/>
          <line num="4" count="5" type="stmt"/>
          <line num="12" count="5" type="stmt"/>
          <line num="13" count="5" type="stmt"/>
        </file>
        <file name="User.ts" path="/Users/ashishsingh/code/expense-app/expense-node-service/src/models/User.ts">
          <metrics statements="21" coveredstatements="8" conditionals="6" coveredconditionals="0" methods="5" coveredmethods="0"/>
          <line num="2" count="5" type="stmt"/>
          <line num="3" count="5" type="stmt"/>
          <line num="4" count="5" type="stmt"/>
          <line num="5" count="5" type="stmt"/>
          <line num="25" count="5" type="stmt"/>
          <line num="26" count="0" type="stmt"/>
          <line num="27" count="0" type="cond" truecount="0" falsecount="2"/>
          <line num="28" count="0" type="stmt"/>
          <line num="30" count="0" type="stmt"/>
          <line num="31" count="0" type="cond" truecount="0" falsecount="2"/>
          <line num="32" count="0" type="stmt"/>
          <line num="34" count="0" type="stmt"/>
          <line num="35" count="0" type="cond" truecount="0" falsecount="2"/>
          <line num="36" count="0" type="stmt"/>
          <line num="38" count="0" type="stmt"/>
          <line num="39" count="0" type="stmt"/>
          <line num="43" count="5" type="stmt"/>
          <line num="44" count="0" type="stmt"/>
          <line num="45" count="0" type="stmt"/>
          <line num="49" count="5" type="stmt"/>
          <line num="50" count="5" type="stmt"/>
        </file>
      </package>
      <package name="src.routes">
        <metrics statements="16" coveredstatements="6" conditionals="4" coveredconditionals="0" methods="4" coveredmethods="0"/>
        <file name="route.ts" path="/Users/ashishsingh/code/expense-app/expense-node-service/src/routes/route.ts">
          <metrics statements="16" coveredstatements="6" conditionals="4" coveredconditionals="0" methods="4" coveredmethods="0"/>
          <line num="2" count="5" type="stmt"/>
          <line num="3" count="5" type="stmt"/>
          <line num="4" count="5" type="stmt"/>
          <line num="5" count="5" type="stmt"/>
          <line num="6" count="0" type="stmt"/>
          <line num="7" count="0" type="stmt"/>
          <line num="8" count="0" type="cond" truecount="0" falsecount="2"/>
          <line num="9" count="0" type="stmt"/>
          <line num="10" count="0" type="stmt"/>
          <line num="11" count="0" type="stmt"/>
          <line num="14" count="5" type="stmt"/>
          <line num="15" count="0" type="stmt"/>
          <line num="16" count="0" type="cond" truecount="0" falsecount="2"/>
          <line num="17" count="0" type="stmt"/>
          <line num="18" count="0" type="stmt"/>
          <line num="21" count="5" type="stmt"/>
        </file>
      </package>
    </metrics>
  </project>
</coverage>
