{"/Users/ashishsingh/code/expense-app/expense-node-service/src/app.ts": {"path":"/Users/ashishsingh/code/expense-app/expense-node-service/src/app.ts","statementMap":{"0":{"start":{"line":2,"column":0},"end":{"line":2,"column":62}},"1":{"start":{"line":3,"column":16},"end":{"line":3,"column":34}},"2":{"start":{"line":5,"column":20},"end":{"line":5,"column":42}},"3":{"start":{"line":6,"column":16},"end":{"line":6,"column":42}},"4":{"start":{"line":7,"column":19},"end":{"line":7,"column":41}},"5":{"start":{"line":8,"column":15},"end":{"line":8,"column":32}},"6":{"start":{"line":9,"column":14},"end":{"line":9,"column":30}},"7":{"start":{"line":10,"column":15},"end":{"line":10,"column":32}},"8":{"start":{"line":11,"column":14},"end":{"line":11,"column":38}},"9":{"start":{"line":12,"column":14},"end":{"line":12,"column":38}},"10":{"start":{"line":13,"column":13},"end":{"line":13,"column":28}},"11":{"start":{"line":14,"column":17},"end":{"line":14,"column":36}},"12":{"start":{"line":15,"column":17},"end":{"line":15,"column":36}},"13":{"start":{"line":16,"column":25},"end":{"line":16,"column":53}},"14":{"start":{"line":17,"column":17},"end":{"line":17,"column":36}},"15":{"start":{"line":18,"column":19},"end":{"line":18,"column":33}},"16":{"start":{"line":20,"column":0},"end":{"line":20,"column":40}},"17":{"start":{"line":22,"column":23},"end":{"line":22,"column":52}},"18":{"start":{"line":23,"column":23},"end":{"line":23,"column":52}},"19":{"start":{"line":24,"column":26},"end":{"line":24,"column":58}},"20":{"start":{"line":25,"column":24},"end":{"line":25,"column":54}},"21":{"start":{"line":26,"column":14},"end":{"line":26,"column":39}},"22":{"start":{"line":28,"column":23},"end":{"line":28,"column":51}},"23":{"start":{"line":30,"column":12},"end":{"line":30,"column":21}},"24":{"start":{"line":32,"column":18},"end":{"line":32,"column":62}},"25":{"start":{"line":33,"column":17},"end":{"line":33,"column":64}},"26":{"start":{"line":34,"column":0},"end":{"line":34,"column":28}},"27":{"start":{"line":35,"column":0},"end":{"line":38,"column":3}},"28":{"start":{"line":36,"column":4},"end":{"line":36,"column":89}},"29":{"start":{"line":40,"column":0},"end":{"line":40,"column":42}},"30":{"start":{"line":41,"column":0},"end":{"line":41,"column":51}},"31":{"start":{"line":42,"column":0},"end":{"line":42,"column":30}},"32":{"start":{"line":43,"column":0},"end":{"line":43,"column":23}},"33":{"start":{"line":44,"column":0},"end":{"line":44,"column":23}},"34":{"start":{"line":45,"column":0},"end":{"line":45,"column":27}},"35":{"start":{"line":46,"column":0},"end":{"line":46,"column":51}},"36":{"start":{"line":47,"column":0},"end":{"line":47,"column":28}},"37":{"start":{"line":48,"column":0},"end":{"line":56,"column":4}},"38":{"start":{"line":57,"column":0},"end":{"line":57,"column":31}},"39":{"start":{"line":58,"column":0},"end":{"line":58,"column":28}},"40":{"start":{"line":59,"column":0},"end":{"line":59,"column":17}},"41":{"start":{"line":60,"column":0},"end":{"line":60,"column":36}},"42":{"start":{"line":61,"column":0},"end":{"line":61,"column":35}},"43":{"start":{"line":62,"column":0},"end":{"line":65,"column":3}},"44":{"start":{"line":63,"column":4},"end":{"line":63,"column":31}},"45":{"start":{"line":64,"column":4},"end":{"line":64,"column":11}},"46":{"start":{"line":66,"column":0},"end":{"line":80,"column":3}},"47":{"start":{"line":68,"column":4},"end":{"line":78,"column":5}},"48":{"start":{"line":73,"column":8},"end":{"line":73,"column":40}},"49":{"start":{"line":75,"column":9},"end":{"line":78,"column":5}},"50":{"start":{"line":77,"column":8},"end":{"line":77,"column":40}},"51":{"start":{"line":79,"column":4},"end":{"line":79,"column":11}},"52":{"start":{"line":81,"column":0},"end":{"line":81,"column":81}},"53":{"start":{"line":85,"column":0},"end":{"line":85,"column":35}},"54":{"start":{"line":86,"column":0},"end":{"line":86,"column":43}},"55":{"start":{"line":87,"column":0},"end":{"line":87,"column":45}},"56":{"start":{"line":88,"column":0},"end":{"line":88,"column":42}},"57":{"start":{"line":89,"column":0},"end":{"line":89,"column":45}},"58":{"start":{"line":90,"column":0},"end":{"line":90,"column":47}},"59":{"start":{"line":91,"column":0},"end":{"line":91,"column":50}},"60":{"start":{"line":92,"column":0},"end":{"line":92,"column":52}},"61":{"start":{"line":93,"column":0},"end":{"line":93,"column":45}},"62":{"start":{"line":94,"column":0},"end":{"line":94,"column":47}},"63":{"start":{"line":95,"column":0},"end":{"line":95,"column":50}},"64":{"start":{"line":96,"column":0},"end":{"line":96,"column":52}},"65":{"start":{"line":97,"column":0},"end":{"line":97,"column":79}},"66":{"start":{"line":98,"column":0},"end":{"line":98,"column":95}},"67":{"start":{"line":99,"column":0},"end":{"line":99,"column":97}},"68":{"start":{"line":100,"column":0},"end":{"line":100,"column":94}},"69":{"start":{"line":101,"column":0},"end":{"line":101,"column":100}},"70":{"start":{"line":102,"column":0},"end":{"line":102,"column":44}},"71":{"start":{"line":103,"column":0},"end":{"line":103,"column":46}},"72":{"start":{"line":108,"column":0},"end":{"line":116,"column":3}},"73":{"start":{"line":109,"column":4},"end":{"line":109,"column":51}},"74":{"start":{"line":110,"column":4},"end":{"line":110,"column":97}},"75":{"start":{"line":111,"column":4},"end":{"line":114,"column":5}},"76":{"start":{"line":112,"column":8},"end":{"line":112,"column":72}},"77":{"start":{"line":113,"column":8},"end":{"line":113,"column":40}},"78":{"start":{"line":115,"column":4},"end":{"line":115,"column":11}},"79":{"start":{"line":120,"column":0},"end":{"line":120,"column":26}},"80":{"start":{"line":121,"column":0},"end":{"line":125,"column":3}},"81":{"start":{"line":122,"column":16},"end":{"line":122,"column":38}},"82":{"start":{"line":123,"column":4},"end":{"line":123,"column":21}},"83":{"start":{"line":124,"column":4},"end":{"line":124,"column":14}},"84":{"start":{"line":126,"column":0},"end":{"line":133,"column":3}},"85":{"start":{"line":127,"column":4},"end":{"line":127,"column":34}},"86":{"start":{"line":128,"column":4},"end":{"line":132,"column":7}},"87":{"start":{"line":134,"column":0},"end":{"line":134,"column":21}}},"fnMap":{"0":{"name":"(anonymous_0)","decl":{"start":{"line":35,"column":58},"end":{"line":35,"column":59}},"loc":{"start":{"line":35,"column":64},"end":{"line":35,"column":67}},"line":35},"1":{"name":"(anonymous_1)","decl":{"start":{"line":35,"column":75},"end":{"line":35,"column":76}},"loc":{"start":{"line":35,"column":82},"end":{"line":38,"column":1}},"line":35},"2":{"name":"(anonymous_2)","decl":{"start":{"line":62,"column":8},"end":{"line":62,"column":9}},"loc":{"start":{"line":62,"column":28},"end":{"line":65,"column":1}},"line":62},"3":{"name":"(anonymous_3)","decl":{"start":{"line":66,"column":8},"end":{"line":66,"column":9}},"loc":{"start":{"line":66,"column":28},"end":{"line":80,"column":1}},"line":66},"4":{"name":"(anonymous_4)","decl":{"start":{"line":108,"column":8},"end":{"line":108,"column":9}},"loc":{"start":{"line":108,"column":28},"end":{"line":116,"column":1}},"line":108},"5":{"name":"(anonymous_5)","decl":{"start":{"line":121,"column":8},"end":{"line":121,"column":9}},"loc":{"start":{"line":121,"column":28},"end":{"line":125,"column":1}},"line":121},"6":{"name":"(anonymous_6)","decl":{"start":{"line":126,"column":8},"end":{"line":126,"column":9}},"loc":{"start":{"line":126,"column":33},"end":{"line":133,"column":1}},"line":126}},"branchMap":{"0":{"loc":{"start":{"line":32,"column":18},"end":{"line":32,"column":62}},"type":"binary-expr","locations":[{"start":{"line":32,"column":18},"end":{"line":32,"column":34}},{"start":{"line":32,"column":38},"end":{"line":32,"column":62}}],"line":32},"1":{"loc":{"start":{"line":40,"column":16},"end":{"line":40,"column":40}},"type":"binary-expr","locations":[{"start":{"line":40,"column":16},"end":{"line":40,"column":32}},{"start":{"line":40,"column":36},"end":{"line":40,"column":40}}],"line":40},"2":{"loc":{"start":{"line":68,"column":4},"end":{"line":78,"column":5}},"type":"if","locations":[{"start":{"line":68,"column":4},"end":{"line":78,"column":5}},{"start":{"line":68,"column":4},"end":{"line":78,"column":5}}],"line":68},"3":{"loc":{"start":{"line":68,"column":8},"end":{"line":72,"column":29}},"type":"binary-expr","locations":[{"start":{"line":68,"column":8},"end":{"line":68,"column":17}},{"start":{"line":69,"column":8},"end":{"line":69,"column":29}},{"start":{"line":70,"column":8},"end":{"line":70,"column":30}},{"start":{"line":71,"column":8},"end":{"line":71,"column":34}},{"start":{"line":72,"column":8},"end":{"line":72,"column":29}}],"line":68},"4":{"loc":{"start":{"line":75,"column":9},"end":{"line":78,"column":5}},"type":"if","locations":[{"start":{"line":75,"column":9},"end":{"line":78,"column":5}},{"start":{"line":75,"column":9},"end":{"line":78,"column":5}}],"line":75},"5":{"loc":{"start":{"line":75,"column":13},"end":{"line":76,"column":30}},"type":"binary-expr","locations":[{"start":{"line":75,"column":13},"end":{"line":75,"column":21}},{"start":{"line":76,"column":8},"end":{"line":76,"column":30}}],"line":75},"6":{"loc":{"start":{"line":111,"column":4},"end":{"line":114,"column":5}},"type":"if","locations":[{"start":{"line":111,"column":4},"end":{"line":114,"column":5}},{"start":{"line":111,"column":4},"end":{"line":114,"column":5}}],"line":111},"7":{"loc":{"start":{"line":127,"column":15},"end":{"line":127,"column":32}},"type":"binary-expr","locations":[{"start":{"line":127,"column":15},"end":{"line":127,"column":25}},{"start":{"line":127,"column":29},"end":{"line":127,"column":32}}],"line":127}},"s":{"0":5,"1":5,"2":5,"3":5,"4":5,"5":5,"6":5,"7":5,"8":5,"9":5,"10":5,"11":5,"12":5,"13":5,"14":5,"15":5,"16":5,"17":5,"18":5,"19":5,"20":5,"21":5,"22":5,"23":5,"24":5,"25":5,"26":5,"27":5,"28":0,"29":5,"30":5,"31":5,"32":5,"33":5,"34":5,"35":5,"36":5,"37":5,"38":5,"39":5,"40":5,"41":5,"42":5,"43":5,"44":8,"45":8,"46":5,"47":8,"48":5,"49":3,"50":0,"51":8,"52":5,"53":5,"54":5,"55":5,"56":5,"57":5,"58":5,"59":5,"60":5,"61":5,"62":5,"63":5,"64":5,"65":5,"66":5,"67":5,"68":5,"69":5,"70":5,"71":5,"72":5,"73":1,"74":1,"75":1,"76":0,"77":0,"78":1,"79":5,"80":5,"81":1,"82":1,"83":1,"84":5,"85":1,"86":1,"87":5},"f":{"0":5,"1":0,"2":8,"3":8,"4":1,"5":1,"6":1},"b":{"0":[5,5],"1":[5,5],"2":[5,3],"3":[8,8,6,5,5],"4":[0,3],"5":[3,0],"6":[0,1],"7":[1,0]},"inputSourceMap":{"version":3,"file":"app.js","sourceRoot":"","sources":["app.ts"],"names":[],"mappings":";;AAAA,mCAAmC;AACnC,sBAAsB;AACtB,2CAA2C;AAC3C,2CAA2C;AAC3C,0CAA0C;AAC1C,iCAAiC;AACjC,+BAA+B;AAC/B,iCAAiC;AACjC,uCAAuC;AACvC,uCAAuC;AACvC,6BAA6B;AAC7B,qCAAqC;AACrC,qCAAqC;AACrC,sDAAsD;AACtD,qCAAqC;AAErC,MAAM,UAAU,GAAG,KAAK,CAAC,OAAO,CAAC,CAAC;AAElC,uDAAuD;AACvD,MAAM,CAAC,MAAM,CAAC,EAAE,IAAI,EAAE,cAAc,EAAE,CAAC,CAAC;AAExC,+BAA+B;AAC/B,qDAAqD;AACrD,qDAAqD;AACrD,2DAA2D;AAC3D,uDAAuD;AACvD,wCAAwC;AAGxC,yBAAyB;AACzB,oDAAoD;AAEpD,wBAAwB;AACxB,MAAM,GAAG,GAAG,OAAO,EAAE,CAAC;AAEtB,qBAAqB;AACrB,MAAM,SAAS,GAAG,OAAO,CAAC,GAAG,CAAC,IAAI,IAAI,OAAO,CAAC,GAAG,CAAC,YAAY,CAAC;AAC/D,MAAM,QAAQ,GAAG,YAAY,GAAG,SAAS,GAAG,oBAAoB,CAAC;AAC3D,QAAS,CAAC,OAAO,GAAG,QAAQ,CAAC;AACnC,QAAQ,CAAC,OAAO,CAAC,QAAQ,EAAE,EAAE,cAAc,EAAE,IAAI,EAAE,CAAC,CAAC,IAAI,CACvD,GAAG,EAAE,GAAgF,CAAC,CACvF,CAAC,KAAK,CAAC,GAAG,CAAC,EAAE;IACZ,OAAO,CAAC,GAAG,CAAC,iEAAiE,GAAG,GAAG,CAAC,CAAC;IACrF,kBAAkB;AACpB,CAAC,CAAC,CAAC;AAEH,wBAAwB;AACxB,GAAG,CAAC,GAAG,CAAC,MAAM,EAAE,OAAO,CAAC,GAAG,CAAC,IAAI,IAAI,IAAI,CAAC,CAAC;AAC1C,GAAG,CAAC,GAAG,CAAC,OAAO,EAAE,IAAI,CAAC,IAAI,CAAC,SAAS,EAAE,UAAU,CAAC,CAAC,CAAC;AACnD,GAAG,CAAC,GAAG,CAAC,aAAa,EAAE,KAAK,CAAC,CAAC;AAC9B,GAAG,CAAC,GAAG,CAAC,WAAW,EAAE,CAAC,CAAC;AACvB,GAAG,CAAC,GAAG,CAAC,MAAM,CAAC,KAAK,CAAC,CAAC,CAAC;AACvB,GAAG,CAAC,GAAG,CAAC,UAAU,CAAC,IAAI,EAAE,CAAC,CAAC;AAC3B,GAAG,CAAC,GAAG,CAAC,UAAU,CAAC,UAAU,CAAC,EAAE,QAAQ,EAAE,IAAI,EAAE,CAAC,CAAC,CAAC;AACnD,GAAG,CAAC,GAAG,CAAC,gBAAgB,EAAE,CAAC,CAAC;AAC5B,GAAG,CAAC,GAAG,CAAC,OAAO,CAAC;IACd,MAAM,EAAE,IAAI;IACZ,iBAAiB,EAAE,IAAI;IACvB,MAAM,EAAE,OAAO,CAAC,GAAG,CAAC,cAAc;IAClC,KAAK,EAAE,IAAI,UAAU,CAAC;QACpB,GAAG,EAAE,QAAQ;QACb,aAAa,EAAE,IAAI;KACpB,CAAC;CACH,CAAC,CAAC,CAAC;AACJ,GAAG,CAAC,GAAG,CAAC,QAAQ,CAAC,UAAU,EAAE,CAAC,CAAC;AAC/B,GAAG,CAAC,GAAG,CAAC,QAAQ,CAAC,OAAO,EAAE,CAAC,CAAC;AAC5B,GAAG,CAAC,GAAG,CAAC,KAAK,EAAE,CAAC,CAAC;AACjB,GAAG,CAAC,GAAG,CAAC,KAAK,CAAC,MAAM,CAAC,YAAY,CAAC,CAAC,CAAC;AACpC,GAAG,CAAC,GAAG,CAAC,KAAK,CAAC,aAAa,CAAC,IAAI,CAAC,CAAC,CAAC;AACnC,GAAG,CAAC,GAAG,CAAC,CAAC,GAAoB,EAAE,GAAqB,EAAE,IAA0B,EAAE,EAAE;IAClF,GAAG,CAAC,MAAM,CAAC,IAAI,GAAG,GAAG,CAAC,IAAI,CAAC;IAC3B,IAAI,EAAE,CAAC;AACT,CAAC,CAAC,CAAC;AACH,GAAG,CAAC,GAAG,CAAC,CAAC,GAAoB,EAAE,GAAqB,EAAE,IAA0B,EAAE,EAAE;IAClF,6DAA6D;IAC7D,EAAE,CAAC,CAAC,CAAC,GAAG,CAAC,IAAI;QACX,GAAG,CAAC,IAAI,KAAK,QAAQ;QACrB,GAAG,CAAC,IAAI,KAAK,SAAS;QACtB,CAAC,GAAG,CAAC,IAAI,CAAC,KAAK,CAAC,SAAS,CAAC;QAC1B,CAAC,GAAG,CAAC,IAAI,CAAC,KAAK,CAAC,IAAI,CAAC,CAAC,CAAC,CAAC;QACxB,GAAG,CAAC,OAAO,CAAC,QAAQ,GAAG,GAAG,CAAC,IAAI,CAAC;IAClC,CAAC;IAAC,IAAI,CAAC,EAAE,CAAC,CAAC,GAAG,CAAC,IAAI;QACjB,GAAG,CAAC,IAAI,IAAI,UAAU,CAAC,CAAC,CAAC;QACzB,GAAG,CAAC,OAAO,CAAC,QAAQ,GAAG,GAAG,CAAC,IAAI,CAAC;IAClC,CAAC;IACD,IAAI,EAAE,CAAC;AACT,CAAC,CAAC,CAAC;AACH,GAAG,CAAC,GAAG,CAAC,OAAO,CAAC,MAAM,CAAC,IAAI,CAAC,IAAI,CAAC,SAAS,EAAE,QAAQ,CAAC,EAAE,EAAE,MAAM,EAAE,WAAW,EAAE,CAAC,CAAC,CAAC;AAEjF;;GAEG;AACH,GAAG,CAAC,GAAG,CAAC,GAAG,EAAE,cAAc,CAAC,KAAK,CAAC,CAAC;AACnC,GAAG,CAAC,GAAG,CAAC,QAAQ,EAAE,cAAc,CAAC,QAAQ,CAAC,CAAC;AAC3C,GAAG,CAAC,IAAI,CAAC,QAAQ,EAAE,cAAc,CAAC,SAAS,CAAC,CAAC;AAC7C,GAAG,CAAC,GAAG,CAAC,SAAS,EAAE,cAAc,CAAC,MAAM,CAAC,CAAC;AAC1C,GAAG,CAAC,GAAG,CAAC,SAAS,EAAE,cAAc,CAAC,SAAS,CAAC,CAAC;AAC7C,GAAG,CAAC,IAAI,CAAC,SAAS,EAAE,cAAc,CAAC,UAAU,CAAC,CAAC;AAC/C,GAAG,CAAC,GAAG,CAAC,eAAe,EAAE,cAAc,CAAC,QAAQ,CAAC,CAAC;AAClD,GAAG,CAAC,IAAI,CAAC,eAAe,EAAE,cAAc,CAAC,SAAS,CAAC,CAAC;AACpD,GAAG,CAAC,GAAG,CAAC,SAAS,EAAE,cAAc,CAAC,SAAS,CAAC,CAAC;AAC7C,GAAG,CAAC,IAAI,CAAC,SAAS,EAAE,cAAc,CAAC,UAAU,CAAC,CAAC;AAC/C,GAAG,CAAC,GAAG,CAAC,UAAU,EAAE,iBAAiB,CAAC,UAAU,CAAC,CAAC;AAClD,GAAG,CAAC,IAAI,CAAC,UAAU,EAAE,iBAAiB,CAAC,WAAW,CAAC,CAAC;AACpD,GAAG,CAAC,GAAG,CAAC,UAAU,EAAE,cAAc,CAAC,eAAe,EAAE,cAAc,CAAC,UAAU,CAAC,CAAC;AAC/E,GAAG,CAAC,IAAI,CAAC,kBAAkB,EAAE,cAAc,CAAC,eAAe,EAAE,cAAc,CAAC,iBAAiB,CAAC,CAAC;AAC/F,GAAG,CAAC,IAAI,CAAC,mBAAmB,EAAE,cAAc,CAAC,eAAe,EAAE,cAAc,CAAC,kBAAkB,CAAC,CAAC;AACjG,GAAG,CAAC,IAAI,CAAC,iBAAiB,EAAE,cAAc,CAAC,eAAe,EAAE,cAAc,CAAC,iBAAiB,CAAC,CAAC;AAC9F,GAAG,CAAC,GAAG,CAAC,2BAA2B,EAAE,cAAc,CAAC,eAAe,EAAE,cAAc,CAAC,cAAc,CAAC,CAAC;AACpG,GAAG,CAAC,GAAG,CAAC,QAAQ,EAAE,eAAe,CAAC,QAAQ,CAAC,CAAC;AAC5C,GAAG,CAAC,IAAI,CAAC,QAAQ,EAAE,eAAe,CAAC,SAAS,CAAC,CAAC;AAE9C;;;GAGG;AACH,GAAG,CAAC,GAAG,CAAC,CAAC,GAAoB,EAAE,GAAqB,EAAE,IAA0B,EAAE,EAAE;IAClF,GAAG,CAAC,MAAM,CAAC,6BAA6B,EAAE,GAAG,CAAC,CAAC;IAC/C,GAAG,CAAC,MAAM,CACR,8BAA8B,EAC9B,gDAAgD,CACjD,CAAC;IACF,EAAE,CAAC,CAAC,GAAG,CAAC,MAAM,KAAK,SAAS,CAAC,CAAC,CAAC;QAC7B,GAAG,CAAC,MAAM,CAAC,8BAA8B,EAAE,mBAAmB,CAAC,CAAC;QAChE,MAAM,CAAC,GAAG,CAAC,MAAM,CAAC,GAAG,CAAC,CAAC,IAAI,CAAC,EAAE,CAAC,CAAC;IAClC,CAAC;IACD,IAAI,EAAE,CAAC;AACT,CAAC,CAAC,CAAC;AACH;;GAEG;AACH,GAAG,CAAC,GAAG,CAAC,SAAS,EAAE,KAAK,CAAC,CAAC;AAE1B,GAAG,CAAC,GAAG,CAAC,CAAC,GAAoB,EAAE,GAAqB,EAAE,IAA0B,EAAE,EAAE;IAClF,MAAM,GAAG,GAAyC,IAAI,KAAK,CAAC,WAAW,CAAC,CAAC;IACzE,GAAG,CAAC,MAAM,GAAG,GAAG,CAAC;IACjB,IAAI,CAAC,GAAG,CAAC,CAAC;AACZ,CAAC,CAAC,CAAC;AACH,GAAG,CAAC,GAAG,CAAC,CAAC,GAAyC,EAAE,GAAoB,EAAE,GAAqB,EAAE,IAA0B,EAAE,EAAE;IAC7H,GAAG,CAAC,MAAM,CAAC,GAAG,CAAC,MAAM,IAAI,GAAG,CAAC,CAAC;IAC9B,GAAG,CAAC,IAAI,CAAC;QACP,KAAK,EAAE;YACL,OAAO,EAAE,GAAG,CAAC,OAAO;SACrB;KACF,CAAC,CAAC;AACL,CAAC,CAAC,CAAC;AAEH,MAAM,CAAC,OAAO,GAAG,GAAG,CAAC","sourcesContent":["import * as express from \"express\";\n// compresses requests\nimport * as compression from \"compression\";\nimport * as session from \"express-session\";\nimport * as bodyParser from \"body-parser\";\nimport * as logger from \"morgan\";\nimport * as lusca from \"lusca\";\nimport * as dotenv from \"dotenv\";\nimport * as mongo from \"connect-mongo\";\nimport * as flash from \"express-flash\";\nimport * as path from \"path\";\nimport * as mongoose from \"mongoose\";\nimport * as passport from \"passport\";\nimport * as expressValidator from \"express-validator\";\nimport * as bluebird from \"bluebird\";\n\nconst MongoStore = mongo(session);\n\n// Loading property file values as environment variable\ndotenv.config({ path: \".env.example\" });\n\n// Controllers (route handlers)\nimport * as homeController from \"./controllers/home\";\nimport * as userController from \"./controllers/user\";\nimport * as contactController from \"./controllers/contact\";\nimport * as blockController from \"./controllers/block\";\nimport * as route from \"./routes/route\";\n\n\n// Passport configuration\nimport * as passportConfig from \"./config/passport\";\n\n// Create Express server\nconst app = express();\n\n// Connect to MongoDB\nconst mongoHost = process.env.HOST || process.env.MONGOLAB_URI;\nconst mongoUrl = \"mongodb://\" + mongoHost + \":27017/techienotes\";\n(<any>mongoose).Promise = bluebird;\nmongoose.connect(mongoUrl, { useMongoClient: true }).then(\n  () => { /** ready to use. The `mongoose.connect()` promise resolves to undefined. */ },\n).catch(err => {\n  console.log(\"MongoDB connection error. Please make sure MongoDB is running. \" + err);\n  // process.exit();\n});\n\n// Express configuration\napp.set(\"port\", process.env.PORT || 3000);\napp.set(\"views\", path.join(__dirname, \"../views\"));\napp.set(\"view engine\", \"pug\");\napp.use(compression());\napp.use(logger(\"dev\"));\napp.use(bodyParser.json());\napp.use(bodyParser.urlencoded({ extended: true }));\napp.use(expressValidator());\napp.use(session({\n  resave: true,\n  saveUninitialized: true,\n  secret: process.env.SESSION_SECRET,\n  store: new MongoStore({\n    url: mongoUrl,\n    autoReconnect: true\n  })\n}));\napp.use(passport.initialize());\napp.use(passport.session());\napp.use(flash());\napp.use(lusca.xframe(\"SAMEORIGIN\"));\napp.use(lusca.xssProtection(true));\napp.use((req: express.Request, res: express.Response, next: express.NextFunction) => {\n  res.locals.user = req.user;\n  next();\n});\napp.use((req: express.Request, res: express.Response, next: express.NextFunction) => {\n  // After successful login, redirect back to the intended page\n  if (!req.user &&\n    req.path !== \"/login\" &&\n    req.path !== \"/signup\" &&\n    !req.path.match(/^\\/auth/) &&\n    !req.path.match(/\\./)) {\n    req.session.returnTo = req.path;\n  } else if (req.user &&\n    req.path == \"/account\") {\n    req.session.returnTo = req.path;\n  }\n  next();\n});\napp.use(express.static(path.join(__dirname, \"public\"), { maxAge: 31557600000 }));\n\n/**\n * App routes to be used by bootstrap application internally.\n */\napp.get(\"/\", homeController.index);\napp.get(\"/login\", userController.getLogin);\napp.post(\"/login\", userController.postLogin);\napp.get(\"/logout\", userController.logout);\napp.get(\"/forgot\", userController.getForgot);\napp.post(\"/forgot\", userController.postForgot);\napp.get(\"/reset/:token\", userController.getReset);\napp.post(\"/reset/:token\", userController.postReset);\napp.get(\"/signup\", userController.getSignup);\napp.post(\"/signup\", userController.postSignup);\napp.get(\"/contact\", contactController.getContact);\napp.post(\"/contact\", contactController.postContact);\napp.get(\"/account\", passportConfig.isAuthenticated, userController.getAccount);\napp.post(\"/account/profile\", passportConfig.isAuthenticated, userController.postUpdateProfile);\napp.post(\"/account/password\", passportConfig.isAuthenticated, userController.postUpdatePassword);\napp.post(\"/account/delete\", passportConfig.isAuthenticated, userController.postDeleteAccount);\napp.get(\"/account/unlink/:provider\", passportConfig.isAuthenticated, userController.getOauthUnlink);\napp.get(\"/block\", blockController.getBlock);\napp.post(\"/block\", blockController.postBlock);\n\n/**\n * App routes to be used by external application.\n * Restful service endpoints\n */\napp.use((req: express.Request, res: express.Response, next: express.NextFunction) => {\n  res.header(\"Access-Control-Allow-Origin\", \"*\");\n  res.header(\n    \"Access-Control-Allow-Headers\",\n    \"Origin, X-Requested-With, Content-Type, Accept\"\n  );\n  if (req.method === \"Options\") {\n    res.header(\"Access-Control-Allow-Methods\", \"PUT, POST, DELETE\");\n    return res.status(200).json({});\n  }\n  next();\n});\n/**\n * Routes for rest api.\n */\napp.use(\"/blocks\", route);\n\napp.use((req: express.Request, res: express.Response, next: express.NextFunction) => {\n  const err: { status?: number, message: string } = new Error(\"Not Found\");\n  err.status = 404;\n  next(err);\n});\napp.use((err: { status?: number, message: string }, req: express.Request, res: express.Response, next: express.NextFunction) => {\n  res.status(err.status || 500);\n  res.json({\n    error: {\n      message: err.message\n    }\n  });\n});\n\nmodule.exports = app;\n"]},"_coverageSchema":"332fd63041d2c1bcb487cc26dd0d5f7d97098a6c","hash":"a0443fe60cf5f9369eafea78bdd92072ab7f3736"}
,"/Users/ashishsingh/code/expense-app/expense-node-service/src/config/passport.ts": {"path":"/Users/ashishsingh/code/expense-app/expense-node-service/src/config/passport.ts","statementMap":{"0":{"start":{"line":2,"column":0},"end":{"line":2,"column":62}},"1":{"start":{"line":7,"column":17},"end":{"line":7,"column":36}},"2":{"start":{"line":8,"column":22},"end":{"line":8,"column":47}},"3":{"start":{"line":9,"column":10},"end":{"line":9,"column":27}},"4":{"start":{"line":10,"column":15},"end":{"line":10,"column":40}},"5":{"start":{"line":11,"column":22},"end":{"line":11,"column":44}},"6":{"start":{"line":12,"column":0},"end":{"line":14,"column":3}},"7":{"start":{"line":13,"column":4},"end":{"line":13,"column":29}},"8":{"start":{"line":15,"column":0},"end":{"line":19,"column":3}},"9":{"start":{"line":16,"column":4},"end":{"line":18,"column":7}},"10":{"start":{"line":17,"column":8},"end":{"line":17,"column":24}},"11":{"start":{"line":23,"column":0},"end":{"line":41,"column":4}},"12":{"start":{"line":24,"column":4},"end":{"line":40,"column":7}},"13":{"start":{"line":25,"column":8},"end":{"line":27,"column":9}},"14":{"start":{"line":26,"column":12},"end":{"line":26,"column":29}},"15":{"start":{"line":28,"column":8},"end":{"line":30,"column":9}},"16":{"start":{"line":29,"column":12},"end":{"line":29,"column":84}},"17":{"start":{"line":31,"column":8},"end":{"line":39,"column":11}},"18":{"start":{"line":32,"column":12},"end":{"line":34,"column":13}},"19":{"start":{"line":33,"column":16},"end":{"line":33,"column":33}},"20":{"start":{"line":35,"column":12},"end":{"line":37,"column":13}},"21":{"start":{"line":36,"column":16},"end":{"line":36,"column":45}},"22":{"start":{"line":38,"column":12},"end":{"line":38,"column":85}},"23":{"start":{"line":42,"column":0},"end":{"line":47,"column":2}},"24":{"start":{"line":43,"column":4},"end":{"line":45,"column":5}},"25":{"start":{"line":44,"column":8},"end":{"line":44,"column":22}},"26":{"start":{"line":46,"column":4},"end":{"line":46,"column":27}},"27":{"start":{"line":48,"column":0},"end":{"line":56,"column":2}},"28":{"start":{"line":49,"column":21},"end":{"line":49,"column":53}},"29":{"start":{"line":50,"column":4},"end":{"line":55,"column":5}},"30":{"start":{"line":51,"column":8},"end":{"line":51,"column":15}},"31":{"start":{"line":54,"column":8},"end":{"line":54,"column":42}}},"fnMap":{"0":{"name":"(anonymous_0)","decl":{"start":{"line":12,"column":23},"end":{"line":12,"column":24}},"loc":{"start":{"line":12,"column":39},"end":{"line":14,"column":1}},"line":12},"1":{"name":"(anonymous_1)","decl":{"start":{"line":15,"column":25},"end":{"line":15,"column":26}},"loc":{"start":{"line":15,"column":39},"end":{"line":19,"column":1}},"line":15},"2":{"name":"(anonymous_2)","decl":{"start":{"line":16,"column":32},"end":{"line":16,"column":33}},"loc":{"start":{"line":16,"column":47},"end":{"line":18,"column":5}},"line":16},"3":{"name":"(anonymous_3)","decl":{"start":{"line":23,"column":59},"end":{"line":23,"column":60}},"loc":{"start":{"line":23,"column":86},"end":{"line":41,"column":1}},"line":23},"4":{"name":"(anonymous_4)","decl":{"start":{"line":24,"column":59},"end":{"line":24,"column":60}},"loc":{"start":{"line":24,"column":74},"end":{"line":40,"column":5}},"line":24},"5":{"name":"(anonymous_5)","decl":{"start":{"line":31,"column":39},"end":{"line":31,"column":40}},"loc":{"start":{"line":31,"column":57},"end":{"line":39,"column":9}},"line":31},"6":{"name":"(anonymous_6)","decl":{"start":{"line":42,"column":26},"end":{"line":42,"column":27}},"loc":{"start":{"line":42,"column":46},"end":{"line":47,"column":1}},"line":42},"7":{"name":"(anonymous_7)","decl":{"start":{"line":48,"column":23},"end":{"line":48,"column":24}},"loc":{"start":{"line":48,"column":43},"end":{"line":56,"column":1}},"line":48}},"branchMap":{"0":{"loc":{"start":{"line":25,"column":8},"end":{"line":27,"column":9}},"type":"if","locations":[{"start":{"line":25,"column":8},"end":{"line":27,"column":9}},{"start":{"line":25,"column":8},"end":{"line":27,"column":9}}],"line":25},"1":{"loc":{"start":{"line":28,"column":8},"end":{"line":30,"column":9}},"type":"if","locations":[{"start":{"line":28,"column":8},"end":{"line":30,"column":9}},{"start":{"line":28,"column":8},"end":{"line":30,"column":9}}],"line":28},"2":{"loc":{"start":{"line":32,"column":12},"end":{"line":34,"column":13}},"type":"if","locations":[{"start":{"line":32,"column":12},"end":{"line":34,"column":13}},{"start":{"line":32,"column":12},"end":{"line":34,"column":13}}],"line":32},"3":{"loc":{"start":{"line":35,"column":12},"end":{"line":37,"column":13}},"type":"if","locations":[{"start":{"line":35,"column":12},"end":{"line":37,"column":13}},{"start":{"line":35,"column":12},"end":{"line":37,"column":13}}],"line":35},"4":{"loc":{"start":{"line":43,"column":4},"end":{"line":45,"column":5}},"type":"if","locations":[{"start":{"line":43,"column":4},"end":{"line":45,"column":5}},{"start":{"line":43,"column":4},"end":{"line":45,"column":5}}],"line":43},"5":{"loc":{"start":{"line":50,"column":4},"end":{"line":55,"column":5}},"type":"if","locations":[{"start":{"line":50,"column":4},"end":{"line":55,"column":5}},{"start":{"line":50,"column":4},"end":{"line":55,"column":5}}],"line":50}},"s":{"0":5,"1":5,"2":5,"3":5,"4":5,"5":5,"6":5,"7":0,"8":5,"9":0,"10":0,"11":5,"12":0,"13":0,"14":0,"15":0,"16":0,"17":0,"18":0,"19":0,"20":0,"21":0,"22":0,"23":5,"24":0,"25":0,"26":0,"27":5,"28":0,"29":0,"30":0,"31":0},"f":{"0":0,"1":0,"2":0,"3":0,"4":0,"5":0,"6":0,"7":0},"b":{"0":[0,0],"1":[0,0],"2":[0,0],"3":[0,0],"4":[0,0],"5":[0,0]},"inputSourceMap":{"version":3,"file":"passport.js","sourceRoot":"","sources":["passport.ts"],"names":[],"mappings":";;AAAA;;;GAGG;AACH,qCAAqC;AAErC,gDAAgD;AAChD,4BAA4B;AAE5B,yCAAiD;AAGjD,MAAM,aAAa,GAAG,aAAa,CAAC,QAAQ,CAAC;AAE7C,QAAQ,CAAC,aAAa,CAAW,CAAC,IAAI,EAAE,IAAI,EAAE,EAAE;IAC9C,IAAI,CAAC,SAAS,EAAE,IAAI,CAAC,EAAE,CAAC,CAAC;AAC3B,CAAC,CAAC,CAAC;AAEH,QAAQ,CAAC,eAAe,CAAC,CAAC,EAAE,EAAE,IAAI,EAAE,EAAE;IACpC,cAAI,CAAC,QAAQ,CAAC,EAAE,EAAE,CAAC,GAAG,EAAE,IAAI,EAAE,EAAE;QAC9B,IAAI,CAAC,GAAG,EAAE,IAAI,CAAC,CAAC;IAClB,CAAC,CAAC,CAAC;AACL,CAAC,CAAC,CAAC;AAGH;;GAEG;AACH,QAAQ,CAAC,GAAG,CAAC,IAAI,aAAa,CAAC,EAAE,aAAa,EAAE,OAAO,EAAE,EAAE,CAAC,KAAK,EAAE,QAAQ,EAAE,IAAI,EAAE,EAAE;IACnF,cAAI,CAAC,OAAO,CAAC,EAAE,KAAK,EAAE,KAAK,CAAC,WAAW,EAAE,EAAE,EAAE,CAAC,GAAG,EAAE,IAAS,EAAE,EAAE;QAC9D,EAAE,CAAC,CAAC,GAAG,CAAC,CAAC,CAAC;YAAC,MAAM,CAAC,IAAI,CAAC,GAAG,CAAC,CAAC;QAAC,CAAC;QAC9B,EAAE,CAAC,CAAC,CAAC,IAAI,CAAC,CAAC,CAAC;YACV,MAAM,CAAC,IAAI,CAAC,SAAS,EAAE,KAAK,EAAE,EAAE,OAAO,EAAE,SAAS,KAAK,aAAa,EAAE,CAAC,CAAC;QAC1E,CAAC;QACD,IAAI,CAAC,eAAe,CAAC,QAAQ,EAAE,CAAC,GAAU,EAAE,OAAgB,EAAE,EAAE;YAC9D,EAAE,CAAC,CAAC,GAAG,CAAC,CAAC,CAAC;gBAAC,MAAM,CAAC,IAAI,CAAC,GAAG,CAAC,CAAC;YAAC,CAAC;YAC9B,EAAE,CAAC,CAAC,OAAO,CAAC,CAAC,CAAC;gBACZ,MAAM,CAAC,IAAI,CAAC,SAAS,EAAE,IAAI,CAAC,CAAC;YAC/B,CAAC;YACD,MAAM,CAAC,IAAI,CAAC,SAAS,EAAE,KAAK,EAAE,EAAE,OAAO,EAAE,4BAA4B,EAAE,CAAC,CAAC;QAC3E,CAAC,CAAC,CAAC;IACL,CAAC,CAAC,CAAC;AACL,CAAC,CAAC,CAAC,CAAC;AAEO,QAAA,eAAe,GAAG,CAAC,GAAY,EAAE,GAAa,EAAE,IAAkB,EAAE,EAAE;IAC/E,EAAE,CAAC,CAAC,GAAG,CAAC,eAAe,EAAE,CAAC,CAAC,CAAC;QAC1B,MAAM,CAAC,IAAI,EAAE,CAAC;IAChB,CAAC;IACD,GAAG,CAAC,QAAQ,CAAC,QAAQ,CAAC,CAAC;AACzB,CAAC,CAAC;AAES,QAAA,YAAY,GAAG,CAAC,GAAY,EAAE,GAAa,EAAE,IAAkB,EAAE,EAAE;IAC5E,MAAM,QAAQ,GAAG,GAAG,CAAC,IAAI,CAAC,KAAK,CAAC,GAAG,CAAC,CAAC,KAAK,CAAC,CAAC,CAAC,CAAC,CAAC,CAAC,CAAC,CAAC;IAElD,EAAE,CAAC,CAAC,CAAC,CAAC,IAAI,CAAC,GAAG,CAAC,IAAI,CAAC,MAAM,EAAE,EAAE,IAAI,EAAE,QAAQ,EAAE,CAAC,CAAC,CAAC,CAAC;QAChD,IAAI,EAAE,CAAC;IACT,CAAC;IAAC,IAAI,CAAC,CAAC;QACN,GAAG,CAAC,QAAQ,CAAC,SAAS,QAAQ,EAAE,CAAC,CAAC;IACpC,CAAC;AACH,CAAC,CAAC","sourcesContent":["/**\n * Js framework for authentication. Twitter or Facebook can be integrated.\n * Just need to implement the strategy. Local strategy is implemented here.\n */\nimport * as passport from \"passport\";\nimport * as request from \"request\";\nimport * as passportLocal from \"passport-local\";\nimport * as _ from \"lodash\";\n\nimport { default as User } from \"../models/User\";\nimport { Request, Response, NextFunction } from \"express\";\n\nconst LocalStrategy = passportLocal.Strategy;\n\npassport.serializeUser<any, any>((user, done) => {\n  done(undefined, user.id);\n});\n\npassport.deserializeUser((id, done) => {\n  User.findById(id, (err, user) => {\n    done(err, user);\n  });\n});\n\n\n/**\n * Sign in using Email and Password.\n */\npassport.use(new LocalStrategy({ usernameField: \"email\" }, (email, password, done) => {\n  User.findOne({ email: email.toLowerCase() }, (err, user: any) => {\n    if (err) { return done(err); }\n    if (!user) {\n      return done(undefined, false, { message: `Email ${email} not found.` });\n    }\n    user.comparePassword(password, (err: Error, isMatch: boolean) => {\n      if (err) { return done(err); }\n      if (isMatch) {\n        return done(undefined, user);\n      }\n      return done(undefined, false, { message: \"Invalid email or password.\" });\n    });\n  });\n}));\n\nexport let isAuthenticated = (req: Request, res: Response, next: NextFunction) => {\n  if (req.isAuthenticated()) {\n    return next();\n  }\n  res.redirect(\"/login\");\n};\n\nexport let isAuthorized = (req: Request, res: Response, next: NextFunction) => {\n  const provider = req.path.split(\"/\").slice(-1)[0];\n\n  if (_.find(req.user.tokens, { kind: provider })) {\n    next();\n  } else {\n    res.redirect(`/auth/${provider}`);\n  }\n};\n"]},"_coverageSchema":"332fd63041d2c1bcb487cc26dd0d5f7d97098a6c","hash":"1caa956874f5729c71cbe46cec17ae1b8f9f006c"}
,"/Users/ashishsingh/code/expense-app/expense-node-service/src/controllers/block.ts": {"path":"/Users/ashishsingh/code/expense-app/expense-node-service/src/controllers/block.ts","statementMap":{"0":{"start":{"line":2,"column":0},"end":{"line":2,"column":62}},"1":{"start":{"line":3,"column":16},"end":{"line":3,"column":42}},"2":{"start":{"line":4,"column":0},"end":{"line":8,"column":2}},"3":{"start":{"line":5,"column":4},"end":{"line":7,"column":7}},"4":{"start":{"line":9,"column":0},"end":{"line":50,"column":2}},"5":{"start":{"line":10,"column":4},"end":{"line":10,"column":58}},"6":{"start":{"line":11,"column":4},"end":{"line":11,"column":79}},"7":{"start":{"line":12,"column":4},"end":{"line":12,"column":73}},"8":{"start":{"line":13,"column":4},"end":{"line":13,"column":63}},"9":{"start":{"line":14,"column":4},"end":{"line":14,"column":63}},"10":{"start":{"line":15,"column":4},"end":{"line":15,"column":61}},"11":{"start":{"line":16,"column":19},"end":{"line":16,"column":41}},"12":{"start":{"line":17,"column":4},"end":{"line":20,"column":5}},"13":{"start":{"line":18,"column":8},"end":{"line":18,"column":36}},"14":{"start":{"line":19,"column":8},"end":{"line":19,"column":38}},"15":{"start":{"line":21,"column":18},"end":{"line":28,"column":6}},"16":{"start":{"line":29,"column":4},"end":{"line":49,"column":7}},"17":{"start":{"line":30,"column":8},"end":{"line":32,"column":9}},"18":{"start":{"line":31,"column":12},"end":{"line":31,"column":29}},"19":{"start":{"line":33,"column":8},"end":{"line":36,"column":9}},"20":{"start":{"line":34,"column":12},"end":{"line":34,"column":73}},"21":{"start":{"line":35,"column":12},"end":{"line":35,"column":42}},"22":{"start":{"line":37,"column":8},"end":{"line":48,"column":11}},"23":{"start":{"line":38,"column":12},"end":{"line":40,"column":13}},"24":{"start":{"line":39,"column":16},"end":{"line":39,"column":33}},"25":{"start":{"line":41,"column":12},"end":{"line":47,"column":15}},"26":{"start":{"line":42,"column":16},"end":{"line":44,"column":17}},"27":{"start":{"line":43,"column":20},"end":{"line":43,"column":37}},"28":{"start":{"line":45,"column":16},"end":{"line":45,"column":82}},"29":{"start":{"line":46,"column":16},"end":{"line":46,"column":39}}},"fnMap":{"0":{"name":"(anonymous_0)","decl":{"start":{"line":4,"column":19},"end":{"line":4,"column":20}},"loc":{"start":{"line":4,"column":33},"end":{"line":8,"column":1}},"line":4},"1":{"name":"(anonymous_1)","decl":{"start":{"line":9,"column":20},"end":{"line":9,"column":21}},"loc":{"start":{"line":9,"column":40},"end":{"line":50,"column":1}},"line":9},"2":{"name":"(anonymous_2)","decl":{"start":{"line":29,"column":53},"end":{"line":29,"column":54}},"loc":{"start":{"line":29,"column":77},"end":{"line":49,"column":5}},"line":29},"3":{"name":"(anonymous_3)","decl":{"start":{"line":37,"column":19},"end":{"line":37,"column":20}},"loc":{"start":{"line":37,"column":28},"end":{"line":48,"column":9}},"line":37},"4":{"name":"(anonymous_4)","decl":{"start":{"line":41,"column":29},"end":{"line":41,"column":30}},"loc":{"start":{"line":41,"column":38},"end":{"line":47,"column":13}},"line":41}},"branchMap":{"0":{"loc":{"start":{"line":17,"column":4},"end":{"line":20,"column":5}},"type":"if","locations":[{"start":{"line":17,"column":4},"end":{"line":20,"column":5}},{"start":{"line":17,"column":4},"end":{"line":20,"column":5}}],"line":17},"1":{"loc":{"start":{"line":30,"column":8},"end":{"line":32,"column":9}},"type":"if","locations":[{"start":{"line":30,"column":8},"end":{"line":32,"column":9}},{"start":{"line":30,"column":8},"end":{"line":32,"column":9}}],"line":30},"2":{"loc":{"start":{"line":33,"column":8},"end":{"line":36,"column":9}},"type":"if","locations":[{"start":{"line":33,"column":8},"end":{"line":36,"column":9}},{"start":{"line":33,"column":8},"end":{"line":36,"column":9}}],"line":33},"3":{"loc":{"start":{"line":38,"column":12},"end":{"line":40,"column":13}},"type":"if","locations":[{"start":{"line":38,"column":12},"end":{"line":40,"column":13}},{"start":{"line":38,"column":12},"end":{"line":40,"column":13}}],"line":38},"4":{"loc":{"start":{"line":42,"column":16},"end":{"line":44,"column":17}},"type":"if","locations":[{"start":{"line":42,"column":16},"end":{"line":44,"column":17}},{"start":{"line":42,"column":16},"end":{"line":44,"column":17}}],"line":42}},"s":{"0":5,"1":5,"2":5,"3":1,"4":5,"5":0,"6":0,"7":0,"8":0,"9":0,"10":0,"11":0,"12":0,"13":0,"14":0,"15":0,"16":0,"17":0,"18":0,"19":0,"20":0,"21":0,"22":0,"23":0,"24":0,"25":0,"26":0,"27":0,"28":0,"29":0},"f":{"0":1,"1":0,"2":0,"3":0,"4":0},"b":{"0":[0,0],"1":[0,0],"2":[0,0],"3":[0,0],"4":[0,0]},"inputSourceMap":{"version":3,"file":"block.js","sourceRoot":"","sources":["block.ts"],"names":[],"mappings":";;AAAA,2CAA+D;AAGpD,QAAA,QAAQ,GAAG,CAAC,GAAY,EAAE,GAAa,EAAE,EAAE;IAClD,GAAG,CAAC,MAAM,CAAC,aAAa,EAAE;QACxB,KAAK,EAAE,eAAe;KACvB,CAAC,CAAC;AACL,CAAC,CAAC;AAEO,QAAA,SAAS,GAAG,CAAC,GAAY,EAAE,GAAa,EAAE,IAAkB,EAAE,EAAE;IACvE,GAAG,CAAC,MAAM,CAAC,OAAO,EAAE,oBAAoB,CAAC,CAAC,SAAS,EAAE,CAAC;IACtD,GAAG,CAAC,MAAM,CAAC,cAAc,EAAE,8BAA8B,CAAC,CAAC,GAAG,CAAC,EAAE,GAAG,EAAE,CAAC,EAAE,CAAC,CAAC;IAC3E,GAAG,CAAC,MAAM,CAAC,WAAW,EAAE,2BAA2B,CAAC,CAAC,GAAG,CAAC,EAAE,GAAG,EAAE,CAAC,EAAE,CAAC,CAAC;IACrE,GAAG,CAAC,MAAM,CAAC,MAAM,EAAE,sBAAsB,CAAC,CAAC,GAAG,CAAC,EAAE,GAAG,EAAE,CAAC,EAAE,CAAC,CAAC;IAC3D,GAAG,CAAC,MAAM,CAAC,MAAM,EAAE,sBAAsB,CAAC,CAAC,GAAG,CAAC,EAAE,GAAG,EAAE,CAAC,EAAE,CAAC,CAAC;IAC3D,GAAG,CAAC,MAAM,CAAC,OAAO,EAAE,uBAAuB,CAAC,CAAC,SAAS,EAAE,CAAC;IACzD,MAAM,MAAM,GAAG,GAAG,CAAC,gBAAgB,EAAE,CAAC;IAEtC,EAAE,CAAC,CAAC,MAAM,CAAC,CAAC,CAAC;QACT,GAAG,CAAC,KAAK,CAAC,QAAQ,EAAE,MAAM,CAAC,CAAC;QAC5B,MAAM,CAAC,GAAG,CAAC,QAAQ,CAAC,QAAQ,CAAC,CAAC;IAClC,CAAC;IAED,MAAM,KAAK,GAAG,IAAI,eAAK,CAAC;QACpB,KAAK,EAAE,GAAG,CAAC,IAAI,CAAC,KAAK;QACrB,YAAY,EAAE,GAAG,CAAC,IAAI,CAAC,YAAY;QACnC,SAAS,EAAE,GAAG,CAAC,IAAI,CAAC,SAAS;QAC7B,IAAI,EAAE,GAAG,CAAC,IAAI,CAAC,IAAI;QACnB,IAAI,EAAE,GAAG,CAAC,IAAI,CAAC,IAAI;QACnB,KAAK,EAAE,GAAG,CAAC,IAAI,CAAC,KAAK;KACxB,CAAC,CAAC;IAEH,eAAK,CAAC,OAAO,CAAC,EAAE,IAAI,EAAE,GAAG,CAAC,IAAI,CAAC,IAAI,EAAE,EAAE,CAAC,GAAU,EAAE,aAAyB,EAAE,EAAE;QAC7E,EAAE,CAAC,CAAC,GAAG,CAAC,CAAC,CAAC;YAAC,MAAM,CAAC,IAAI,CAAC,GAAG,CAAC,CAAC;QAAC,CAAC;QAC9B,EAAE,CAAC,CAAC,aAAa,CAAC,CAAC,CAAC;YAChB,GAAG,CAAC,KAAK,CAAC,QAAQ,EAAE,EAAE,GAAG,EAAE,8BAA8B,EAAE,CAAC,CAAC;YAC7D,MAAM,CAAC,GAAG,CAAC,QAAQ,CAAC,QAAQ,CAAC,CAAC;QAClC,CAAC;QACD,KAAK,CAAC,IAAI,CAAC,CAAC,GAAG,EAAE,EAAE;YACf,EAAE,CAAC,CAAC,GAAG,CAAC,CAAC,CAAC;gBAAC,MAAM,CAAC,IAAI,CAAC,GAAG,CAAC,CAAC;YAAC,CAAC;YAC9B,GAAG,CAAC,KAAK,CAAC,KAAK,EAAE,CAAC,GAAG,EAAE,EAAE;gBACrB,EAAE,CAAC,CAAC,GAAG,CAAC,CAAC,CAAC;oBACN,MAAM,CAAC,IAAI,CAAC,GAAG,CAAC,CAAC;gBACrB,CAAC;gBACD,GAAG,CAAC,KAAK,CAAC,SAAS,EAAE,EAAE,GAAG,EAAE,kCAAkC,EAAE,CAAC,CAAC;gBAClE,GAAG,CAAC,QAAQ,CAAC,QAAQ,CAAC,CAAC;YAC3B,CAAC,CAAC,CAAC;QACP,CAAC,CAAC,CAAC;IACP,CAAC,CAAC,CAAC;AACP,CAAC,CAAC","sourcesContent":["import { default as Block, BlockModel } from \"../models/Block\";\nimport { Request, Response, NextFunction } from \"express\";\n\nexport let getBlock = (req: Request, res: Response) => {\n    res.render(\"block/index\", {\n      title: \"Expense Block\"\n    });\n  };\n\nexport let postBlock = (req: Request, res: Response, next: NextFunction) => {\n    req.assert(\"index\", \"Index is not valid\").isNumeric();\n    req.assert(\"previousHash\", \"PreviousHash must be present\").len({ min: 1 });\n    req.assert(\"timestamp\", \"timestamp must be present\").len({ min: 1 });\n    req.assert(\"data\", \"data must be present\").len({ min: 1 });\n    req.assert(\"hash\", \"hash must be present\").len({ min: 1 });\n    req.assert(\"nonce\", \"nonce must be present\").isNumeric();\n    const errors = req.validationErrors();\n\n    if (errors) {\n        req.flash(\"errors\", errors);\n        return res.redirect(\"/block\");\n    }\n\n    const block = new Block({\n        index: req.body.index,\n        previousHash: req.body.previousHash,\n        timestamp: req.body.timestamp,\n        data: req.body.data,\n        hash: req.body.hash,\n        nonce: req.body.nonce\n    });\n\n    Block.findOne({ hash: req.body.hash }, (err: Error, existingBlock: BlockModel) => {\n        if (err) { return next(err); }\n        if (existingBlock) {\n            req.flash(\"errors\", { msg: \"Block with same hash exists.\" });\n            return res.redirect(\"/block\");\n        }\n        block.save((err) => {\n            if (err) { return next(err); }\n            req.logIn(block, (err) => {\n                if (err) {\n                    return next(err);\n                }\n                req.flash(\"success\", { msg: \"Success! Block has been created.\" });\n                res.redirect(\"/block\");\n            });\n        });\n    });\n};"]},"_coverageSchema":"332fd63041d2c1bcb487cc26dd0d5f7d97098a6c","hash":"3b935b0626d0b114d82ce560b7e00362afb283b2"}
,"/Users/ashishsingh/code/expense-app/expense-node-service/src/controllers/contact.ts": {"path":"/Users/ashishsingh/code/expense-app/expense-node-service/src/controllers/contact.ts","statementMap":{"0":{"start":{"line":2,"column":0},"end":{"line":2,"column":62}},"1":{"start":{"line":3,"column":19},"end":{"line":3,"column":40}},"2":{"start":{"line":4,"column":20},"end":{"line":10,"column":2}},"3":{"start":{"line":15,"column":0},"end":{"line":19,"column":2}},"4":{"start":{"line":16,"column":4},"end":{"line":18,"column":7}},"5":{"start":{"line":23,"column":0},"end":{"line":46,"column":2}},"6":{"start":{"line":24,"column":4},"end":{"line":24,"column":58}},"7":{"start":{"line":25,"column":4},"end":{"line":25,"column":56}},"8":{"start":{"line":26,"column":4},"end":{"line":26,"column":64}},"9":{"start":{"line":27,"column":19},"end":{"line":27,"column":41}},"10":{"start":{"line":28,"column":4},"end":{"line":31,"column":5}},"11":{"start":{"line":29,"column":8},"end":{"line":29,"column":36}},"12":{"start":{"line":30,"column":8},"end":{"line":30,"column":40}},"13":{"start":{"line":32,"column":24},"end":{"line":37,"column":5}},"14":{"start":{"line":38,"column":4},"end":{"line":45,"column":7}},"15":{"start":{"line":39,"column":8},"end":{"line":42,"column":9}},"16":{"start":{"line":40,"column":12},"end":{"line":40,"column":54}},"17":{"start":{"line":41,"column":12},"end":{"line":41,"column":44}},"18":{"start":{"line":43,"column":8},"end":{"line":43,"column":75}},"19":{"start":{"line":44,"column":8},"end":{"line":44,"column":33}}},"fnMap":{"0":{"name":"(anonymous_0)","decl":{"start":{"line":15,"column":21},"end":{"line":15,"column":22}},"loc":{"start":{"line":15,"column":35},"end":{"line":19,"column":1}},"line":15},"1":{"name":"(anonymous_1)","decl":{"start":{"line":23,"column":22},"end":{"line":23,"column":23}},"loc":{"start":{"line":23,"column":36},"end":{"line":46,"column":1}},"line":23},"2":{"name":"(anonymous_2)","decl":{"start":{"line":38,"column":38},"end":{"line":38,"column":39}},"loc":{"start":{"line":38,"column":47},"end":{"line":45,"column":5}},"line":38}},"branchMap":{"0":{"loc":{"start":{"line":28,"column":4},"end":{"line":31,"column":5}},"type":"if","locations":[{"start":{"line":28,"column":4},"end":{"line":31,"column":5}},{"start":{"line":28,"column":4},"end":{"line":31,"column":5}}],"line":28},"1":{"loc":{"start":{"line":39,"column":8},"end":{"line":42,"column":9}},"type":"if","locations":[{"start":{"line":39,"column":8},"end":{"line":42,"column":9}},{"start":{"line":39,"column":8},"end":{"line":42,"column":9}}],"line":39}},"s":{"0":5,"1":5,"2":5,"3":5,"4":1,"5":5,"6":1,"7":1,"8":1,"9":1,"10":1,"11":1,"12":1,"13":0,"14":0,"15":0,"16":0,"17":0,"18":0,"19":0},"f":{"0":1,"1":1,"2":0},"b":{"0":[1,0],"1":[0,0]},"inputSourceMap":{"version":3,"file":"contact.js","sourceRoot":"","sources":["contact.ts"],"names":[],"mappings":";;AAAA,yCAAyC;AAGzC,MAAM,WAAW,GAAG,UAAU,CAAC,eAAe,CAAC;IAC7C,OAAO,EAAE,UAAU;IACnB,IAAI,EAAE;QACJ,IAAI,EAAE,OAAO,CAAC,GAAG,CAAC,aAAa;QAC/B,IAAI,EAAE,OAAO,CAAC,GAAG,CAAC,iBAAiB;KACpC;CACF,CAAC,CAAC;AAEH;;;GAGG;AACQ,QAAA,UAAU,GAAG,CAAC,GAAY,EAAE,GAAa,EAAE,EAAE;IACtD,GAAG,CAAC,MAAM,CAAC,SAAS,EAAE;QACpB,KAAK,EAAE,SAAS;KACjB,CAAC,CAAC;AACL,CAAC,CAAC;AAEF;;GAEG;AACQ,QAAA,WAAW,GAAG,CAAC,GAAY,EAAE,GAAa,EAAE,EAAE;IACvD,GAAG,CAAC,MAAM,CAAC,MAAM,EAAE,sBAAsB,CAAC,CAAC,QAAQ,EAAE,CAAC;IACtD,GAAG,CAAC,MAAM,CAAC,OAAO,EAAE,oBAAoB,CAAC,CAAC,OAAO,EAAE,CAAC;IACpD,GAAG,CAAC,MAAM,CAAC,SAAS,EAAE,yBAAyB,CAAC,CAAC,QAAQ,EAAE,CAAC;IAE5D,MAAM,MAAM,GAAG,GAAG,CAAC,gBAAgB,EAAE,CAAC;IAEtC,EAAE,CAAC,CAAC,MAAM,CAAC,CAAC,CAAC;QACX,GAAG,CAAC,KAAK,CAAC,QAAQ,EAAE,MAAM,CAAC,CAAC;QAC5B,MAAM,CAAC,GAAG,CAAC,QAAQ,CAAC,UAAU,CAAC,CAAC;IAClC,CAAC;IAED,MAAM,WAAW,GAAG;QAClB,EAAE,EAAE,gBAAgB;QACpB,IAAI,EAAE,GAAG,GAAG,CAAC,IAAI,CAAC,IAAI,KAAK,GAAG,CAAC,IAAI,CAAC,KAAK,GAAG;QAC5C,OAAO,EAAE,cAAc;QACvB,IAAI,EAAE,GAAG,CAAC,IAAI,CAAC,OAAO;KACvB,CAAC;IAEF,WAAW,CAAC,QAAQ,CAAC,WAAW,EAAE,CAAC,GAAG,EAAE,EAAE;QACxC,EAAE,CAAC,CAAC,GAAG,CAAC,CAAC,CAAC;YACR,GAAG,CAAC,KAAK,CAAC,QAAQ,EAAE,EAAE,GAAG,EAAE,GAAG,CAAC,OAAO,EAAE,CAAC,CAAC;YAC1C,MAAM,CAAC,GAAG,CAAC,QAAQ,CAAC,UAAU,CAAC,CAAC;QAClC,CAAC;QACD,GAAG,CAAC,KAAK,CAAC,SAAS,EAAE,EAAE,GAAG,EAAE,mCAAmC,EAAE,CAAC,CAAC;QACnE,GAAG,CAAC,QAAQ,CAAC,UAAU,CAAC,CAAC;IAC3B,CAAC,CAAC,CAAC;AACL,CAAC,CAAC","sourcesContent":["import * as nodemailer from \"nodemailer\";\nimport { Request, Response } from \"express\";\n\nconst transporter = nodemailer.createTransport({\n  service: \"SendGrid\",\n  auth: {\n    user: process.env.SENDGRID_USER,\n    pass: process.env.SENDGRID_PASSWORD\n  }\n});\n\n/**\n * GET /contact\n * Contact form page.\n */\nexport let getContact = (req: Request, res: Response) => {\n  res.render(\"contact\", {\n    title: \"Contact\"\n  });\n};\n\n/**\n * Send a contact form via Nodemailer.\n */\nexport let postContact = (req: Request, res: Response) => {\n  req.assert(\"name\", \"Name cannot be blank\").notEmpty();\n  req.assert(\"email\", \"Email is not valid\").isEmail();\n  req.assert(\"message\", \"Message cannot be blank\").notEmpty();\n\n  const errors = req.validationErrors();\n\n  if (errors) {\n    req.flash(\"errors\", errors);\n    return res.redirect(\"/contact\");\n  }\n\n  const mailOptions = {\n    to: \"your@email.com\",\n    from: `${req.body.name} <${req.body.email}>`,\n    subject: \"Contact Form\",\n    text: req.body.message\n  };\n\n  transporter.sendMail(mailOptions, (err) => {\n    if (err) {\n      req.flash(\"errors\", { msg: err.message });\n      return res.redirect(\"/contact\");\n    }\n    req.flash(\"success\", { msg: \"Email has been sent successfully!\" });\n    res.redirect(\"/contact\");\n  });\n};\n"]},"_coverageSchema":"332fd63041d2c1bcb487cc26dd0d5f7d97098a6c","hash":"44fffbb361ad4a65733b097ab93473151233aa4b"}
,"/Users/ashishsingh/code/expense-app/expense-node-service/src/controllers/home.ts": {"path":"/Users/ashishsingh/code/expense-app/expense-node-service/src/controllers/home.ts","statementMap":{"0":{"start":{"line":2,"column":0},"end":{"line":2,"column":62}},"1":{"start":{"line":7,"column":0},"end":{"line":11,"column":2}},"2":{"start":{"line":8,"column":4},"end":{"line":10,"column":7}}},"fnMap":{"0":{"name":"(anonymous_0)","decl":{"start":{"line":7,"column":16},"end":{"line":7,"column":17}},"loc":{"start":{"line":7,"column":30},"end":{"line":11,"column":1}},"line":7}},"branchMap":{},"s":{"0":5,"1":5,"2":1},"f":{"0":1},"b":{},"inputSourceMap":{"version":3,"file":"home.js","sourceRoot":"","sources":["home.ts"],"names":[],"mappings":";;AAEA;;;GAGG;AACQ,QAAA,KAAK,GAAG,CAAC,GAAY,EAAE,GAAa,EAAE,EAAE;IACjD,GAAG,CAAC,MAAM,CAAC,MAAM,EAAE;QACjB,KAAK,EAAE,MAAM;KACd,CAAC,CAAC;AACL,CAAC,CAAC","sourcesContent":["import { Request, Response } from \"express\";\n\n/**\n * GET /\n * Home page.\n */\nexport let index = (req: Request, res: Response) => {\n  res.render(\"home\", {\n    title: \"Home\"\n  });\n};\n"]},"_coverageSchema":"332fd63041d2c1bcb487cc26dd0d5f7d97098a6c","hash":"9b750d0afe84bc4452c182ce2e5e043975d78687"}
,"/Users/ashishsingh/code/expense-app/expense-node-service/src/controllers/user.ts": {"path":"/Users/ashishsingh/code/expense-app/expense-node-service/src/controllers/user.ts","statementMap":{"0":{"start":{"line":2,"column":0},"end":{"line":2,"column":62}},"1":{"start":{"line":3,"column":14},"end":{"line":3,"column":30}},"2":{"start":{"line":4,"column":15},"end":{"line":4,"column":32}},"3":{"start":{"line":5,"column":19},"end":{"line":5,"column":40}},"4":{"start":{"line":6,"column":17},"end":{"line":6,"column":36}},"5":{"start":{"line":7,"column":15},"end":{"line":7,"column":40}},"6":{"start":{"line":8,"column":16},"end":{"line":8,"column":44}},"7":{"start":{"line":13,"column":0},"end":{"line":20,"column":2}},"8":{"start":{"line":14,"column":4},"end":{"line":16,"column":5}},"9":{"start":{"line":15,"column":8},"end":{"line":15,"column":33}},"10":{"start":{"line":17,"column":4},"end":{"line":19,"column":7}},"11":{"start":{"line":25,"column":0},"end":{"line":50,"column":2}},"12":{"start":{"line":26,"column":4},"end":{"line":26,"column":56}},"13":{"start":{"line":27,"column":4},"end":{"line":27,"column":66}},"14":{"start":{"line":28,"column":4},"end":{"line":28,"column":71}},"15":{"start":{"line":29,"column":19},"end":{"line":29,"column":41}},"16":{"start":{"line":30,"column":4},"end":{"line":33,"column":5}},"17":{"start":{"line":31,"column":8},"end":{"line":31,"column":36}},"18":{"start":{"line":32,"column":8},"end":{"line":32,"column":38}},"19":{"start":{"line":34,"column":4},"end":{"line":49,"column":23}},"20":{"start":{"line":35,"column":8},"end":{"line":37,"column":9}},"21":{"start":{"line":36,"column":12},"end":{"line":36,"column":29}},"22":{"start":{"line":38,"column":8},"end":{"line":41,"column":9}},"23":{"start":{"line":39,"column":12},"end":{"line":39,"column":55}},"24":{"start":{"line":40,"column":12},"end":{"line":40,"column":42}},"25":{"start":{"line":42,"column":8},"end":{"line":48,"column":11}},"26":{"start":{"line":43,"column":12},"end":{"line":45,"column":13}},"27":{"start":{"line":44,"column":16},"end":{"line":44,"column":33}},"28":{"start":{"line":46,"column":12},"end":{"line":46,"column":73}},"29":{"start":{"line":47,"column":12},"end":{"line":47,"column":54}},"30":{"start":{"line":55,"column":0},"end":{"line":58,"column":2}},"31":{"start":{"line":56,"column":4},"end":{"line":56,"column":17}},"32":{"start":{"line":57,"column":4},"end":{"line":57,"column":22}},"33":{"start":{"line":63,"column":0},"end":{"line":70,"column":2}},"34":{"start":{"line":64,"column":4},"end":{"line":66,"column":5}},"35":{"start":{"line":65,"column":8},"end":{"line":65,"column":33}},"36":{"start":{"line":67,"column":4},"end":{"line":69,"column":7}},"37":{"start":{"line":75,"column":0},"end":{"line":109,"column":2}},"38":{"start":{"line":76,"column":4},"end":{"line":76,"column":56}},"39":{"start":{"line":77,"column":4},"end":{"line":77,"column":90}},"40":{"start":{"line":78,"column":4},"end":{"line":78,"column":86}},"41":{"start":{"line":79,"column":4},"end":{"line":79,"column":71}},"42":{"start":{"line":80,"column":19},"end":{"line":80,"column":41}},"43":{"start":{"line":81,"column":4},"end":{"line":84,"column":5}},"44":{"start":{"line":82,"column":8},"end":{"line":82,"column":36}},"45":{"start":{"line":83,"column":8},"end":{"line":83,"column":39}},"46":{"start":{"line":85,"column":17},"end":{"line":88,"column":6}},"47":{"start":{"line":89,"column":4},"end":{"line":108,"column":7}},"48":{"start":{"line":90,"column":8},"end":{"line":92,"column":9}},"49":{"start":{"line":91,"column":12},"end":{"line":91,"column":29}},"50":{"start":{"line":93,"column":8},"end":{"line":96,"column":9}},"51":{"start":{"line":94,"column":12},"end":{"line":94,"column":92}},"52":{"start":{"line":95,"column":12},"end":{"line":95,"column":43}},"53":{"start":{"line":97,"column":8},"end":{"line":107,"column":11}},"54":{"start":{"line":98,"column":12},"end":{"line":100,"column":13}},"55":{"start":{"line":99,"column":16},"end":{"line":99,"column":33}},"56":{"start":{"line":101,"column":12},"end":{"line":106,"column":15}},"57":{"start":{"line":102,"column":16},"end":{"line":104,"column":17}},"58":{"start":{"line":103,"column":20},"end":{"line":103,"column":37}},"59":{"start":{"line":105,"column":16},"end":{"line":105,"column":34}},"60":{"start":{"line":114,"column":0},"end":{"line":118,"column":2}},"61":{"start":{"line":115,"column":4},"end":{"line":117,"column":7}},"62":{"start":{"line":123,"column":0},"end":{"line":152,"column":2}},"63":{"start":{"line":124,"column":4},"end":{"line":124,"column":73}},"64":{"start":{"line":125,"column":4},"end":{"line":125,"column":71}},"65":{"start":{"line":126,"column":19},"end":{"line":126,"column":41}},"66":{"start":{"line":127,"column":4},"end":{"line":130,"column":5}},"67":{"start":{"line":128,"column":8},"end":{"line":128,"column":36}},"68":{"start":{"line":129,"column":8},"end":{"line":129,"column":40}},"69":{"start":{"line":131,"column":4},"end":{"line":151,"column":7}},"70":{"start":{"line":132,"column":8},"end":{"line":134,"column":9}},"71":{"start":{"line":133,"column":12},"end":{"line":133,"column":29}},"72":{"start":{"line":135,"column":8},"end":{"line":135,"column":42}},"73":{"start":{"line":136,"column":8},"end":{"line":136,"column":48}},"74":{"start":{"line":137,"column":8},"end":{"line":137,"column":52}},"75":{"start":{"line":138,"column":8},"end":{"line":138,"column":56}},"76":{"start":{"line":139,"column":8},"end":{"line":139,"column":54}},"77":{"start":{"line":140,"column":8},"end":{"line":150,"column":11}},"78":{"start":{"line":141,"column":12},"end":{"line":147,"column":13}},"79":{"start":{"line":142,"column":16},"end":{"line":145,"column":17}},"80":{"start":{"line":143,"column":20},"end":{"line":143,"column":126}},"81":{"start":{"line":144,"column":20},"end":{"line":144,"column":52}},"82":{"start":{"line":146,"column":16},"end":{"line":146,"column":33}},"83":{"start":{"line":148,"column":12},"end":{"line":148,"column":83}},"84":{"start":{"line":149,"column":12},"end":{"line":149,"column":37}},"85":{"start":{"line":157,"column":0},"end":{"line":178,"column":2}},"86":{"start":{"line":158,"column":4},"end":{"line":158,"column":90}},"87":{"start":{"line":159,"column":4},"end":{"line":159,"column":86}},"88":{"start":{"line":160,"column":19},"end":{"line":160,"column":41}},"89":{"start":{"line":161,"column":4},"end":{"line":164,"column":5}},"90":{"start":{"line":162,"column":8},"end":{"line":162,"column":36}},"91":{"start":{"line":163,"column":8},"end":{"line":163,"column":40}},"92":{"start":{"line":165,"column":4},"end":{"line":177,"column":7}},"93":{"start":{"line":166,"column":8},"end":{"line":168,"column":9}},"94":{"start":{"line":167,"column":12},"end":{"line":167,"column":29}},"95":{"start":{"line":169,"column":8},"end":{"line":169,"column":42}},"96":{"start":{"line":170,"column":8},"end":{"line":176,"column":11}},"97":{"start":{"line":171,"column":12},"end":{"line":173,"column":13}},"98":{"start":{"line":172,"column":16},"end":{"line":172,"column":33}},"99":{"start":{"line":174,"column":12},"end":{"line":174,"column":72}},"100":{"start":{"line":175,"column":12},"end":{"line":175,"column":37}},"101":{"start":{"line":183,"column":0},"end":{"line":192,"column":2}},"102":{"start":{"line":184,"column":4},"end":{"line":191,"column":7}},"103":{"start":{"line":185,"column":8},"end":{"line":187,"column":9}},"104":{"start":{"line":186,"column":12},"end":{"line":186,"column":29}},"105":{"start":{"line":188,"column":8},"end":{"line":188,"column":21}},"106":{"start":{"line":189,"column":8},"end":{"line":189,"column":69}},"107":{"start":{"line":190,"column":8},"end":{"line":190,"column":26}},"108":{"start":{"line":197,"column":0},"end":{"line":213,"column":2}},"109":{"start":{"line":198,"column":21},"end":{"line":198,"column":40}},"110":{"start":{"line":199,"column":4},"end":{"line":212,"column":7}},"111":{"start":{"line":200,"column":8},"end":{"line":202,"column":9}},"112":{"start":{"line":201,"column":12},"end":{"line":201,"column":29}},"113":{"start":{"line":203,"column":8},"end":{"line":203,"column":35}},"114":{"start":{"line":204,"column":8},"end":{"line":204,"column":77}},"115":{"start":{"line":204,"column":52},"end":{"line":204,"column":75}},"116":{"start":{"line":205,"column":8},"end":{"line":211,"column":11}},"117":{"start":{"line":206,"column":12},"end":{"line":208,"column":13}},"118":{"start":{"line":207,"column":16},"end":{"line":207,"column":33}},"119":{"start":{"line":209,"column":12},"end":{"line":209,"column":81}},"120":{"start":{"line":210,"column":12},"end":{"line":210,"column":37}},"121":{"start":{"line":218,"column":0},"end":{"line":237,"column":2}},"122":{"start":{"line":219,"column":4},"end":{"line":221,"column":5}},"123":{"start":{"line":220,"column":8},"end":{"line":220,"column":33}},"124":{"start":{"line":222,"column":4},"end":{"line":236,"column":7}},"125":{"start":{"line":226,"column":8},"end":{"line":228,"column":9}},"126":{"start":{"line":227,"column":12},"end":{"line":227,"column":29}},"127":{"start":{"line":229,"column":8},"end":{"line":232,"column":9}},"128":{"start":{"line":230,"column":12},"end":{"line":230,"column":92}},"129":{"start":{"line":231,"column":12},"end":{"line":231,"column":43}},"130":{"start":{"line":233,"column":8},"end":{"line":235,"column":11}},"131":{"start":{"line":242,"column":0},"end":{"line":301,"column":2}},"132":{"start":{"line":243,"column":4},"end":{"line":243,"column":91}},"133":{"start":{"line":244,"column":4},"end":{"line":244,"column":77}},"134":{"start":{"line":245,"column":19},"end":{"line":245,"column":41}},"135":{"start":{"line":246,"column":4},"end":{"line":249,"column":5}},"136":{"start":{"line":247,"column":8},"end":{"line":247,"column":36}},"137":{"start":{"line":248,"column":8},"end":{"line":248,"column":36}},"138":{"start":{"line":250,"column":4},"end":{"line":300,"column":7}},"139":{"start":{"line":252,"column":12},"end":{"line":274,"column":15}},"140":{"start":{"line":256,"column":16},"end":{"line":258,"column":17}},"141":{"start":{"line":257,"column":20},"end":{"line":257,"column":37}},"142":{"start":{"line":259,"column":16},"end":{"line":262,"column":17}},"143":{"start":{"line":260,"column":20},"end":{"line":260,"column":100}},"144":{"start":{"line":261,"column":20},"end":{"line":261,"column":48}},"145":{"start":{"line":263,"column":16},"end":{"line":263,"column":50}},"146":{"start":{"line":264,"column":16},"end":{"line":264,"column":52}},"147":{"start":{"line":265,"column":16},"end":{"line":265,"column":54}},"148":{"start":{"line":266,"column":16},"end":{"line":273,"column":19}},"149":{"start":{"line":267,"column":20},"end":{"line":269,"column":21}},"150":{"start":{"line":268,"column":24},"end":{"line":268,"column":41}},"151":{"start":{"line":270,"column":20},"end":{"line":272,"column":23}},"152":{"start":{"line":271,"column":24},"end":{"line":271,"column":40}},"153":{"start":{"line":277,"column":32},"end":{"line":283,"column":14}},"154":{"start":{"line":284,"column":32},"end":{"line":289,"column":13}},"155":{"start":{"line":290,"column":12},"end":{"line":293,"column":15}},"156":{"start":{"line":291,"column":16},"end":{"line":291,"column":90}},"157":{"start":{"line":292,"column":16},"end":{"line":292,"column":26}},"158":{"start":{"line":296,"column":8},"end":{"line":298,"column":9}},"159":{"start":{"line":297,"column":12},"end":{"line":297,"column":29}},"160":{"start":{"line":299,"column":8},"end":{"line":299,"column":26}},"161":{"start":{"line":306,"column":0},"end":{"line":313,"column":2}},"162":{"start":{"line":307,"column":4},"end":{"line":309,"column":5}},"163":{"start":{"line":308,"column":8},"end":{"line":308,"column":33}},"164":{"start":{"line":310,"column":4},"end":{"line":312,"column":7}},"165":{"start":{"line":318,"column":0},"end":{"line":377,"column":2}},"166":{"start":{"line":319,"column":4},"end":{"line":319,"column":73}},"167":{"start":{"line":320,"column":4},"end":{"line":320,"column":71}},"168":{"start":{"line":321,"column":19},"end":{"line":321,"column":41}},"169":{"start":{"line":322,"column":4},"end":{"line":325,"column":5}},"170":{"start":{"line":323,"column":8},"end":{"line":323,"column":36}},"171":{"start":{"line":324,"column":8},"end":{"line":324,"column":39}},"172":{"start":{"line":326,"column":4},"end":{"line":376,"column":7}},"173":{"start":{"line":328,"column":12},"end":{"line":331,"column":15}},"174":{"start":{"line":329,"column":30},"end":{"line":329,"column":49}},"175":{"start":{"line":330,"column":16},"end":{"line":330,"column":33}},"176":{"start":{"line":334,"column":12},"end":{"line":347,"column":15}},"177":{"start":{"line":335,"column":16},"end":{"line":337,"column":17}},"178":{"start":{"line":336,"column":20},"end":{"line":336,"column":37}},"179":{"start":{"line":338,"column":16},"end":{"line":341,"column":17}},"180":{"start":{"line":339,"column":20},"end":{"line":339,"column":100}},"181":{"start":{"line":340,"column":20},"end":{"line":340,"column":51}},"182":{"start":{"line":342,"column":16},"end":{"line":342,"column":48}},"183":{"start":{"line":343,"column":16},"end":{"line":343,"column":65}},"184":{"start":{"line":344,"column":16},"end":{"line":346,"column":19}},"185":{"start":{"line":345,"column":20},"end":{"line":345,"column":43}},"186":{"start":{"line":350,"column":32},"end":{"line":356,"column":14}},"187":{"start":{"line":357,"column":32},"end":{"line":365,"column":13}},"188":{"start":{"line":366,"column":12},"end":{"line":369,"column":15}},"189":{"start":{"line":367,"column":16},"end":{"line":367,"column":114}},"190":{"start":{"line":368,"column":16},"end":{"line":368,"column":26}},"191":{"start":{"line":372,"column":8},"end":{"line":374,"column":9}},"192":{"start":{"line":373,"column":12},"end":{"line":373,"column":29}},"193":{"start":{"line":375,"column":8},"end":{"line":375,"column":32}}},"fnMap":{"0":{"name":"(anonymous_0)","decl":{"start":{"line":13,"column":19},"end":{"line":13,"column":20}},"loc":{"start":{"line":13,"column":33},"end":{"line":20,"column":1}},"line":13},"1":{"name":"(anonymous_1)","decl":{"start":{"line":25,"column":20},"end":{"line":25,"column":21}},"loc":{"start":{"line":25,"column":40},"end":{"line":50,"column":1}},"line":25},"2":{"name":"(anonymous_2)","decl":{"start":{"line":34,"column":35},"end":{"line":34,"column":36}},"loc":{"start":{"line":34,"column":56},"end":{"line":49,"column":5}},"line":34},"3":{"name":"(anonymous_3)","decl":{"start":{"line":42,"column":24},"end":{"line":42,"column":25}},"loc":{"start":{"line":42,"column":33},"end":{"line":48,"column":9}},"line":42},"4":{"name":"(anonymous_4)","decl":{"start":{"line":55,"column":17},"end":{"line":55,"column":18}},"loc":{"start":{"line":55,"column":31},"end":{"line":58,"column":1}},"line":55},"5":{"name":"(anonymous_5)","decl":{"start":{"line":63,"column":20},"end":{"line":63,"column":21}},"loc":{"start":{"line":63,"column":34},"end":{"line":70,"column":1}},"line":63},"6":{"name":"(anonymous_6)","decl":{"start":{"line":75,"column":21},"end":{"line":75,"column":22}},"loc":{"start":{"line":75,"column":41},"end":{"line":109,"column":1}},"line":75},"7":{"name":"(anonymous_7)","decl":{"start":{"line":89,"column":54},"end":{"line":89,"column":55}},"loc":{"start":{"line":89,"column":77},"end":{"line":108,"column":5}},"line":89},"8":{"name":"(anonymous_8)","decl":{"start":{"line":97,"column":18},"end":{"line":97,"column":19}},"loc":{"start":{"line":97,"column":27},"end":{"line":107,"column":9}},"line":97},"9":{"name":"(anonymous_9)","decl":{"start":{"line":101,"column":28},"end":{"line":101,"column":29}},"loc":{"start":{"line":101,"column":37},"end":{"line":106,"column":13}},"line":101},"10":{"name":"(anonymous_10)","decl":{"start":{"line":114,"column":21},"end":{"line":114,"column":22}},"loc":{"start":{"line":114,"column":35},"end":{"line":118,"column":1}},"line":114},"11":{"name":"(anonymous_11)","decl":{"start":{"line":123,"column":28},"end":{"line":123,"column":29}},"loc":{"start":{"line":123,"column":48},"end":{"line":152,"column":1}},"line":123},"12":{"name":"(anonymous_12)","decl":{"start":{"line":131,"column":41},"end":{"line":131,"column":42}},"loc":{"start":{"line":131,"column":56},"end":{"line":151,"column":5}},"line":131},"13":{"name":"(anonymous_13)","decl":{"start":{"line":140,"column":18},"end":{"line":140,"column":19}},"loc":{"start":{"line":140,"column":27},"end":{"line":150,"column":9}},"line":140},"14":{"name":"(anonymous_14)","decl":{"start":{"line":157,"column":29},"end":{"line":157,"column":30}},"loc":{"start":{"line":157,"column":49},"end":{"line":178,"column":1}},"line":157},"15":{"name":"(anonymous_15)","decl":{"start":{"line":165,"column":41},"end":{"line":165,"column":42}},"loc":{"start":{"line":165,"column":56},"end":{"line":177,"column":5}},"line":165},"16":{"name":"(anonymous_16)","decl":{"start":{"line":170,"column":18},"end":{"line":170,"column":19}},"loc":{"start":{"line":170,"column":27},"end":{"line":176,"column":9}},"line":170},"17":{"name":"(anonymous_17)","decl":{"start":{"line":183,"column":28},"end":{"line":183,"column":29}},"loc":{"start":{"line":183,"column":48},"end":{"line":192,"column":1}},"line":183},"18":{"name":"(anonymous_18)","decl":{"start":{"line":184,"column":48},"end":{"line":184,"column":49}},"loc":{"start":{"line":184,"column":57},"end":{"line":191,"column":5}},"line":184},"19":{"name":"(anonymous_19)","decl":{"start":{"line":197,"column":25},"end":{"line":197,"column":26}},"loc":{"start":{"line":197,"column":45},"end":{"line":213,"column":1}},"line":197},"20":{"name":"(anonymous_20)","decl":{"start":{"line":199,"column":41},"end":{"line":199,"column":42}},"loc":{"start":{"line":199,"column":56},"end":{"line":212,"column":5}},"line":199},"21":{"name":"(anonymous_21)","decl":{"start":{"line":204,"column":41},"end":{"line":204,"column":42}},"loc":{"start":{"line":204,"column":52},"end":{"line":204,"column":75}},"line":204},"22":{"name":"(anonymous_22)","decl":{"start":{"line":205,"column":18},"end":{"line":205,"column":19}},"loc":{"start":{"line":205,"column":27},"end":{"line":211,"column":9}},"line":205},"23":{"name":"(anonymous_23)","decl":{"start":{"line":218,"column":19},"end":{"line":218,"column":20}},"loc":{"start":{"line":218,"column":39},"end":{"line":237,"column":1}},"line":218},"24":{"name":"(anonymous_24)","decl":{"start":{"line":225,"column":14},"end":{"line":225,"column":15}},"loc":{"start":{"line":225,"column":29},"end":{"line":236,"column":5}},"line":225},"25":{"name":"(anonymous_25)","decl":{"start":{"line":242,"column":20},"end":{"line":242,"column":21}},"loc":{"start":{"line":242,"column":40},"end":{"line":301,"column":1}},"line":242},"26":{"name":"resetPassword","decl":{"start":{"line":251,"column":17},"end":{"line":251,"column":30}},"loc":{"start":{"line":251,"column":37},"end":{"line":275,"column":9}},"line":251},"27":{"name":"(anonymous_27)","decl":{"start":{"line":255,"column":22},"end":{"line":255,"column":23}},"loc":{"start":{"line":255,"column":37},"end":{"line":274,"column":13}},"line":255},"28":{"name":"(anonymous_28)","decl":{"start":{"line":266,"column":26},"end":{"line":266,"column":27}},"loc":{"start":{"line":266,"column":35},"end":{"line":273,"column":17}},"line":266},"29":{"name":"(anonymous_29)","decl":{"start":{"line":270,"column":36},"end":{"line":270,"column":37}},"loc":{"start":{"line":270,"column":45},"end":{"line":272,"column":21}},"line":270},"30":{"name":"sendResetPasswordEmail","decl":{"start":{"line":276,"column":17},"end":{"line":276,"column":39}},"loc":{"start":{"line":276,"column":52},"end":{"line":294,"column":9}},"line":276},"31":{"name":"(anonymous_31)","decl":{"start":{"line":290,"column":46},"end":{"line":290,"column":47}},"loc":{"start":{"line":290,"column":55},"end":{"line":293,"column":13}},"line":290},"32":{"name":"(anonymous_32)","decl":{"start":{"line":295,"column":7},"end":{"line":295,"column":8}},"loc":{"start":{"line":295,"column":16},"end":{"line":300,"column":5}},"line":295},"33":{"name":"(anonymous_33)","decl":{"start":{"line":306,"column":20},"end":{"line":306,"column":21}},"loc":{"start":{"line":306,"column":34},"end":{"line":313,"column":1}},"line":306},"34":{"name":"(anonymous_34)","decl":{"start":{"line":318,"column":21},"end":{"line":318,"column":22}},"loc":{"start":{"line":318,"column":41},"end":{"line":377,"column":1}},"line":318},"35":{"name":"createRandomToken","decl":{"start":{"line":327,"column":17},"end":{"line":327,"column":34}},"loc":{"start":{"line":327,"column":41},"end":{"line":332,"column":9}},"line":327},"36":{"name":"(anonymous_36)","decl":{"start":{"line":328,"column":35},"end":{"line":328,"column":36}},"loc":{"start":{"line":328,"column":49},"end":{"line":331,"column":13}},"line":328},"37":{"name":"setRandomToken","decl":{"start":{"line":333,"column":17},"end":{"line":333,"column":31}},"loc":{"start":{"line":333,"column":45},"end":{"line":348,"column":9}},"line":333},"38":{"name":"(anonymous_38)","decl":{"start":{"line":334,"column":62},"end":{"line":334,"column":63}},"loc":{"start":{"line":334,"column":77},"end":{"line":347,"column":13}},"line":334},"39":{"name":"(anonymous_39)","decl":{"start":{"line":344,"column":26},"end":{"line":344,"column":27}},"loc":{"start":{"line":344,"column":35},"end":{"line":346,"column":17}},"line":344},"40":{"name":"sendForgotPasswordEmail","decl":{"start":{"line":349,"column":17},"end":{"line":349,"column":40}},"loc":{"start":{"line":349,"column":60},"end":{"line":370,"column":9}},"line":349},"41":{"name":"(anonymous_41)","decl":{"start":{"line":366,"column":46},"end":{"line":366,"column":47}},"loc":{"start":{"line":366,"column":55},"end":{"line":369,"column":13}},"line":366},"42":{"name":"(anonymous_42)","decl":{"start":{"line":371,"column":7},"end":{"line":371,"column":8}},"loc":{"start":{"line":371,"column":16},"end":{"line":376,"column":5}},"line":371}},"branchMap":{"0":{"loc":{"start":{"line":14,"column":4},"end":{"line":16,"column":5}},"type":"if","locations":[{"start":{"line":14,"column":4},"end":{"line":16,"column":5}},{"start":{"line":14,"column":4},"end":{"line":16,"column":5}}],"line":14},"1":{"loc":{"start":{"line":30,"column":4},"end":{"line":33,"column":5}},"type":"if","locations":[{"start":{"line":30,"column":4},"end":{"line":33,"column":5}},{"start":{"line":30,"column":4},"end":{"line":33,"column":5}}],"line":30},"2":{"loc":{"start":{"line":35,"column":8},"end":{"line":37,"column":9}},"type":"if","locations":[{"start":{"line":35,"column":8},"end":{"line":37,"column":9}},{"start":{"line":35,"column":8},"end":{"line":37,"column":9}}],"line":35},"3":{"loc":{"start":{"line":38,"column":8},"end":{"line":41,"column":9}},"type":"if","locations":[{"start":{"line":38,"column":8},"end":{"line":41,"column":9}},{"start":{"line":38,"column":8},"end":{"line":41,"column":9}}],"line":38},"4":{"loc":{"start":{"line":43,"column":12},"end":{"line":45,"column":13}},"type":"if","locations":[{"start":{"line":43,"column":12},"end":{"line":45,"column":13}},{"start":{"line":43,"column":12},"end":{"line":45,"column":13}}],"line":43},"5":{"loc":{"start":{"line":47,"column":25},"end":{"line":47,"column":52}},"type":"binary-expr","locations":[{"start":{"line":47,"column":25},"end":{"line":47,"column":45}},{"start":{"line":47,"column":49},"end":{"line":47,"column":52}}],"line":47},"6":{"loc":{"start":{"line":64,"column":4},"end":{"line":66,"column":5}},"type":"if","locations":[{"start":{"line":64,"column":4},"end":{"line":66,"column":5}},{"start":{"line":64,"column":4},"end":{"line":66,"column":5}}],"line":64},"7":{"loc":{"start":{"line":81,"column":4},"end":{"line":84,"column":5}},"type":"if","locations":[{"start":{"line":81,"column":4},"end":{"line":84,"column":5}},{"start":{"line":81,"column":4},"end":{"line":84,"column":5}}],"line":81},"8":{"loc":{"start":{"line":90,"column":8},"end":{"line":92,"column":9}},"type":"if","locations":[{"start":{"line":90,"column":8},"end":{"line":92,"column":9}},{"start":{"line":90,"column":8},"end":{"line":92,"column":9}}],"line":90},"9":{"loc":{"start":{"line":93,"column":8},"end":{"line":96,"column":9}},"type":"if","locations":[{"start":{"line":93,"column":8},"end":{"line":96,"column":9}},{"start":{"line":93,"column":8},"end":{"line":96,"column":9}}],"line":93},"10":{"loc":{"start":{"line":98,"column":12},"end":{"line":100,"column":13}},"type":"if","locations":[{"start":{"line":98,"column":12},"end":{"line":100,"column":13}},{"start":{"line":98,"column":12},"end":{"line":100,"column":13}}],"line":98},"11":{"loc":{"start":{"line":102,"column":16},"end":{"line":104,"column":17}},"type":"if","locations":[{"start":{"line":102,"column":16},"end":{"line":104,"column":17}},{"start":{"line":102,"column":16},"end":{"line":104,"column":17}}],"line":102},"12":{"loc":{"start":{"line":127,"column":4},"end":{"line":130,"column":5}},"type":"if","locations":[{"start":{"line":127,"column":4},"end":{"line":130,"column":5}},{"start":{"line":127,"column":4},"end":{"line":130,"column":5}}],"line":127},"13":{"loc":{"start":{"line":132,"column":8},"end":{"line":134,"column":9}},"type":"if","locations":[{"start":{"line":132,"column":8},"end":{"line":134,"column":9}},{"start":{"line":132,"column":8},"end":{"line":134,"column":9}}],"line":132},"14":{"loc":{"start":{"line":135,"column":21},"end":{"line":135,"column":41}},"type":"binary-expr","locations":[{"start":{"line":135,"column":21},"end":{"line":135,"column":35}},{"start":{"line":135,"column":39},"end":{"line":135,"column":41}}],"line":135},"15":{"loc":{"start":{"line":136,"column":28},"end":{"line":136,"column":47}},"type":"binary-expr","locations":[{"start":{"line":136,"column":28},"end":{"line":136,"column":41}},{"start":{"line":136,"column":45},"end":{"line":136,"column":47}}],"line":136},"16":{"loc":{"start":{"line":137,"column":30},"end":{"line":137,"column":51}},"type":"binary-expr","locations":[{"start":{"line":137,"column":30},"end":{"line":137,"column":45}},{"start":{"line":137,"column":49},"end":{"line":137,"column":51}}],"line":137},"17":{"loc":{"start":{"line":138,"column":32},"end":{"line":138,"column":55}},"type":"binary-expr","locations":[{"start":{"line":138,"column":32},"end":{"line":138,"column":49}},{"start":{"line":138,"column":53},"end":{"line":138,"column":55}}],"line":138},"18":{"loc":{"start":{"line":139,"column":31},"end":{"line":139,"column":53}},"type":"binary-expr","locations":[{"start":{"line":139,"column":31},"end":{"line":139,"column":47}},{"start":{"line":139,"column":51},"end":{"line":139,"column":53}}],"line":139},"19":{"loc":{"start":{"line":141,"column":12},"end":{"line":147,"column":13}},"type":"if","locations":[{"start":{"line":141,"column":12},"end":{"line":147,"column":13}},{"start":{"line":141,"column":12},"end":{"line":147,"column":13}}],"line":141},"20":{"loc":{"start":{"line":142,"column":16},"end":{"line":145,"column":17}},"type":"if","locations":[{"start":{"line":142,"column":16},"end":{"line":145,"column":17}},{"start":{"line":142,"column":16},"end":{"line":145,"column":17}}],"line":142},"21":{"loc":{"start":{"line":161,"column":4},"end":{"line":164,"column":5}},"type":"if","locations":[{"start":{"line":161,"column":4},"end":{"line":164,"column":5}},{"start":{"line":161,"column":4},"end":{"line":164,"column":5}}],"line":161},"22":{"loc":{"start":{"line":166,"column":8},"end":{"line":168,"column":9}},"type":"if","locations":[{"start":{"line":166,"column":8},"end":{"line":168,"column":9}},{"start":{"line":166,"column":8},"end":{"line":168,"column":9}}],"line":166},"23":{"loc":{"start":{"line":171,"column":12},"end":{"line":173,"column":13}},"type":"if","locations":[{"start":{"line":171,"column":12},"end":{"line":173,"column":13}},{"start":{"line":171,"column":12},"end":{"line":173,"column":13}}],"line":171},"24":{"loc":{"start":{"line":185,"column":8},"end":{"line":187,"column":9}},"type":"if","locations":[{"start":{"line":185,"column":8},"end":{"line":187,"column":9}},{"start":{"line":185,"column":8},"end":{"line":187,"column":9}}],"line":185},"25":{"loc":{"start":{"line":200,"column":8},"end":{"line":202,"column":9}},"type":"if","locations":[{"start":{"line":200,"column":8},"end":{"line":202,"column":9}},{"start":{"line":200,"column":8},"end":{"line":202,"column":9}}],"line":200},"26":{"loc":{"start":{"line":206,"column":12},"end":{"line":208,"column":13}},"type":"if","locations":[{"start":{"line":206,"column":12},"end":{"line":208,"column":13}},{"start":{"line":206,"column":12},"end":{"line":208,"column":13}}],"line":206},"27":{"loc":{"start":{"line":219,"column":4},"end":{"line":221,"column":5}},"type":"if","locations":[{"start":{"line":219,"column":4},"end":{"line":221,"column":5}},{"start":{"line":219,"column":4},"end":{"line":221,"column":5}}],"line":219},"28":{"loc":{"start":{"line":226,"column":8},"end":{"line":228,"column":9}},"type":"if","locations":[{"start":{"line":226,"column":8},"end":{"line":228,"column":9}},{"start":{"line":226,"column":8},"end":{"line":228,"column":9}}],"line":226},"29":{"loc":{"start":{"line":229,"column":8},"end":{"line":232,"column":9}},"type":"if","locations":[{"start":{"line":229,"column":8},"end":{"line":232,"column":9}},{"start":{"line":229,"column":8},"end":{"line":232,"column":9}}],"line":229},"30":{"loc":{"start":{"line":246,"column":4},"end":{"line":249,"column":5}},"type":"if","locations":[{"start":{"line":246,"column":4},"end":{"line":249,"column":5}},{"start":{"line":246,"column":4},"end":{"line":249,"column":5}}],"line":246},"31":{"loc":{"start":{"line":256,"column":16},"end":{"line":258,"column":17}},"type":"if","locations":[{"start":{"line":256,"column":16},"end":{"line":258,"column":17}},{"start":{"line":256,"column":16},"end":{"line":258,"column":17}}],"line":256},"32":{"loc":{"start":{"line":259,"column":16},"end":{"line":262,"column":17}},"type":"if","locations":[{"start":{"line":259,"column":16},"end":{"line":262,"column":17}},{"start":{"line":259,"column":16},"end":{"line":262,"column":17}}],"line":259},"33":{"loc":{"start":{"line":267,"column":20},"end":{"line":269,"column":21}},"type":"if","locations":[{"start":{"line":267,"column":20},"end":{"line":269,"column":21}},{"start":{"line":267,"column":20},"end":{"line":269,"column":21}}],"line":267},"34":{"loc":{"start":{"line":296,"column":8},"end":{"line":298,"column":9}},"type":"if","locations":[{"start":{"line":296,"column":8},"end":{"line":298,"column":9}},{"start":{"line":296,"column":8},"end":{"line":298,"column":9}}],"line":296},"35":{"loc":{"start":{"line":307,"column":4},"end":{"line":309,"column":5}},"type":"if","locations":[{"start":{"line":307,"column":4},"end":{"line":309,"column":5}},{"start":{"line":307,"column":4},"end":{"line":309,"column":5}}],"line":307},"36":{"loc":{"start":{"line":322,"column":4},"end":{"line":325,"column":5}},"type":"if","locations":[{"start":{"line":322,"column":4},"end":{"line":325,"column":5}},{"start":{"line":322,"column":4},"end":{"line":325,"column":5}}],"line":322},"37":{"loc":{"start":{"line":335,"column":16},"end":{"line":337,"column":17}},"type":"if","locations":[{"start":{"line":335,"column":16},"end":{"line":337,"column":17}},{"start":{"line":335,"column":16},"end":{"line":337,"column":17}}],"line":335},"38":{"loc":{"start":{"line":338,"column":16},"end":{"line":341,"column":17}},"type":"if","locations":[{"start":{"line":338,"column":16},"end":{"line":341,"column":17}},{"start":{"line":338,"column":16},"end":{"line":341,"column":17}}],"line":338},"39":{"loc":{"start":{"line":372,"column":8},"end":{"line":374,"column":9}},"type":"if","locations":[{"start":{"line":372,"column":8},"end":{"line":374,"column":9}},{"start":{"line":372,"column":8},"end":{"line":374,"column":9}}],"line":372}},"s":{"0":5,"1":5,"2":5,"3":5,"4":5,"5":5,"6":5,"7":5,"8":1,"9":0,"10":1,"11":5,"12":1,"13":1,"14":1,"15":1,"16":1,"17":1,"18":1,"19":0,"20":0,"21":0,"22":0,"23":0,"24":0,"25":0,"26":0,"27":0,"28":0,"29":0,"30":5,"31":0,"32":0,"33":5,"34":1,"35":0,"36":1,"37":5,"38":0,"39":0,"40":0,"41":0,"42":0,"43":0,"44":0,"45":0,"46":0,"47":0,"48":0,"49":0,"50":0,"51":0,"52":0,"53":0,"54":0,"55":0,"56":0,"57":0,"58":0,"59":0,"60":5,"61":0,"62":5,"63":0,"64":0,"65":0,"66":0,"67":0,"68":0,"69":0,"70":0,"71":0,"72":0,"73":0,"74":0,"75":0,"76":0,"77":0,"78":0,"79":0,"80":0,"81":0,"82":0,"83":0,"84":0,"85":5,"86":0,"87":0,"88":0,"89":0,"90":0,"91":0,"92":0,"93":0,"94":0,"95":0,"96":0,"97":0,"98":0,"99":0,"100":0,"101":5,"102":0,"103":0,"104":0,"105":0,"106":0,"107":0,"108":5,"109":0,"110":0,"111":0,"112":0,"113":0,"114":0,"115":0,"116":0,"117":0,"118":0,"119":0,"120":0,"121":5,"122":0,"123":0,"124":0,"125":0,"126":0,"127":0,"128":0,"129":0,"130":0,"131":5,"132":0,"133":0,"134":0,"135":0,"136":0,"137":0,"138":0,"139":0,"140":0,"141":0,"142":0,"143":0,"144":0,"145":0,"146":0,"147":0,"148":0,"149":0,"150":0,"151":0,"152":0,"153":0,"154":0,"155":0,"156":0,"157":0,"158":0,"159":0,"160":0,"161":5,"162":0,"163":0,"164":0,"165":5,"166":0,"167":0,"168":0,"169":0,"170":0,"171":0,"172":0,"173":0,"174":0,"175":0,"176":0,"177":0,"178":0,"179":0,"180":0,"181":0,"182":0,"183":0,"184":0,"185":0,"186":0,"187":0,"188":0,"189":0,"190":0,"191":0,"192":0,"193":0},"f":{"0":1,"1":1,"2":0,"3":0,"4":0,"5":1,"6":0,"7":0,"8":0,"9":0,"10":0,"11":0,"12":0,"13":0,"14":0,"15":0,"16":0,"17":0,"18":0,"19":0,"20":0,"21":0,"22":0,"23":0,"24":0,"25":0,"26":0,"27":0,"28":0,"29":0,"30":0,"31":0,"32":0,"33":0,"34":0,"35":0,"36":0,"37":0,"38":0,"39":0,"40":0,"41":0,"42":0},"b":{"0":[0,1],"1":[1,0],"2":[0,0],"3":[0,0],"4":[0,0],"5":[0,0],"6":[0,1],"7":[0,0],"8":[0,0],"9":[0,0],"10":[0,0],"11":[0,0],"12":[0,0],"13":[0,0],"14":[0,0],"15":[0,0],"16":[0,0],"17":[0,0],"18":[0,0],"19":[0,0],"20":[0,0],"21":[0,0],"22":[0,0],"23":[0,0],"24":[0,0],"25":[0,0],"26":[0,0],"27":[0,0],"28":[0,0],"29":[0,0],"30":[0,0],"31":[0,0],"32":[0,0],"33":[0,0],"34":[0,0],"
[...]
 const errors = req.validationErrors();\n\n  if (errors) {\n    req.flash(\"errors\", errors);\n    return res.redirect(\"/account\");\n  }\n\n  User.findById(req.user.id, (err, user: UserModel) => {\n    if (err) { return next(err); }\n    user.password = req.body.password;\n    user.save((err: WriteError) => {\n      if (err) { return next(err); }\n      req.flash(\"success\", { msg: \"Password has been changed.\" });\n      res.redirect(\"/account\");\n    });\n  });\n};\n\n/**\n * POST /account/delete\n * Delete user account.\n */\nexport let postDeleteAccount = (req: Request, res: Response, next: NextFunction) => {\n  User.remove({ _id: req.user.id }, (err) => {\n    if (err) { return next(err); }\n    req.logout();\n    req.flash(\"info\", { msg: \"Your account has been deleted.\" });\n    res.redirect(\"/\");\n  });\n};\n\n/**\n * GET /account/unlink/:provider\n * Unlink OAuth provider.\n */\nexport let getOauthUnlink = (req: Request, res: Response, next: NextFunction) => {\n  const provider = req.params.provider;\n  User.findById(req.user.id, (err, user: any) => {\n    if (err) { return next(err); }\n    user[provider] = undefined;\n    user.tokens = user.tokens.filter((token: AuthToken) => token.kind !== provider);\n    user.save((err: WriteError) => {\n      if (err) { return next(err); }\n      req.flash(\"info\", { msg: `${provider} account has been unlinked.` });\n      res.redirect(\"/account\");\n    });\n  });\n};\n\n/**\n * GET /reset/:token\n * Reset Password page.\n */\nexport let getReset = (req: Request, res: Response, next: NextFunction) => {\n  if (req.isAuthenticated()) {\n    return res.redirect(\"/\");\n  }\n  User\n    .findOne({ passwordResetToken: req.params.token })\n    .where(\"passwordResetExpires\").gt(Date.now())\n    .exec((err, user) => {\n      if (err) { return next(err); }\n      if (!user) {\n        req.flash(\"errors\", { msg: \"Password reset token is invalid or has expired.\" });\n        return res.redirect(\"/forgot\");\n      }\n      res.render(\"account/reset\", {\n        title: \"Password Reset\"\n      });\n    });\n};\n\n/**\n * POST /reset/:token\n * Process the reset password request.\n */\nexport let postReset = (req: Request, res: Response, next: NextFunction) => {\n  req.assert(\"password\", \"Password must be at least 4 characters long.\").len({ min: 4 });\n  req.assert(\"confirm\", \"Passwords must match.\").equals(req.body.password);\n\n  const errors = req.validationErrors();\n\n  if (errors) {\n    req.flash(\"errors\", errors);\n    return res.redirect(\"back\");\n  }\n\n  async.waterfall([\n    function resetPassword(done: Function) {\n      User\n        .findOne({ passwordResetToken: req.params.token })\n        .where(\"passwordResetExpires\").gt(Date.now())\n        .exec((err, user: any) => {\n          if (err) { return next(err); }\n          if (!user) {\n            req.flash(\"errors\", { msg: \"Password reset token is invalid or has expired.\" });\n            return res.redirect(\"back\");\n          }\n          user.password = req.body.password;\n          user.passwordResetToken = undefined;\n          user.passwordResetExpires = undefined;\n          user.save((err: WriteError) => {\n            if (err) { return next(err); }\n            req.logIn(user, (err) => {\n              done(err, user);\n            });\n          });\n        });\n    },\n    function sendResetPasswordEmail(user: UserModel, done: Function) {\n      const transporter = nodemailer.createTransport({\n        service: \"SendGrid\",\n        auth: {\n          user: process.env.SENDGRID_USER,\n          pass: process.env.SENDGRID_PASSWORD\n        }\n      });\n      const mailOptions = {\n        to: user.email,\n        from: \"express-ts@starter.com\",\n        subject: \"Your password has been changed\",\n        text: `Hello,\\n\\nThis is a confirmation that the password for your account ${user.email} has just been changed.\\n`\n      };\n      transporter.sendMail(mailOptions, (err) => {\n        req.flash(\"success\", { msg: \"Success! Your password has been changed.\" });\n        done(err);\n      });\n    }\n  ], (err) => {\n    if (err) { return next(err); }\n    res.redirect(\"/\");\n  });\n};\n\n/**\n * GET /forgot\n * Forgot Password page.\n */\nexport let getForgot = (req: Request, res: Response) => {\n  if (req.isAuthenticated()) {\n    return res.redirect(\"/\");\n  }\n  res.render(\"account/forgot\", {\n    title: \"Forgot Password\"\n  });\n};\n\n/**\n * POST /forgot\n * Create a random token, then the send user an email with a reset link.\n */\nexport let postForgot = (req: Request, res: Response, next: NextFunction) => {\n  req.assert(\"email\", \"Please enter a valid email address.\").isEmail();\n  req.sanitize(\"email\").normalizeEmail({ gmail_remove_dots: false });\n\n  const errors = req.validationErrors();\n\n  if (errors) {\n    req.flash(\"errors\", errors);\n    return res.redirect(\"/forgot\");\n  }\n\n  async.waterfall([\n    function createRandomToken(done: Function) {\n      crypto.randomBytes(16, (err, buf) => {\n        const token = buf.toString(\"hex\");\n        done(err, token);\n      });\n    },\n    function setRandomToken(token: AuthToken, done: Function) {\n      User.findOne({ email: req.body.email }, (err, user: any) => {\n        if (err) { return done(err); }\n        if (!user) {\n          req.flash(\"errors\", { msg: \"Account with that email address does not exist.\" });\n          return res.redirect(\"/forgot\");\n        }\n        user.passwordResetToken = token;\n        user.passwordResetExpires = Date.now() + 3600000; // 1 hour\n        user.save((err: WriteError) => {\n          done(err, token, user);\n        });\n      });\n    },\n    function sendForgotPasswordEmail(token: AuthToken, user: UserModel, done: Function) {\n      const transporter = nodemailer.createTransport({\n        service: \"SendGrid\",\n        auth: {\n          user: process.env.SENDGRID_USER,\n          pass: process.env.SENDGRID_PASSWORD\n        }\n      });\n      const mailOptions = {\n        to: user.email,\n        from: \"singh.ashish@zoho.com\",\n        subject: \"Reset your password\",\n        text: `You are receiving this email because you (or someone else) have requested the reset of the password for your account.\\n\\n\n          Please click on the following link, or paste this into your browser to complete the process:\\n\\n\n          http://${req.headers.host}/reset/${token}\\n\\n\n          If you did not request this, please ignore this email and your password will remain unchanged.\\n`\n      };\n      transporter.sendMail(mailOptions, (err) => {\n        req.flash(\"info\", { msg: `An e-mail has been sent to ${user.email} with further instructions.` });\n        done(err);\n      });\n    }\n  ], (err) => {\n    if (err) { return next(err); }\n    res.redirect(\"/forgot\");\n  });\n};\n"]},"_coverageSchema":"332fd63041d2c1bcb487cc26dd0d5f7d97098a6c","hash":"603bd119810983d6b56a119713b98483cf02bd9c"}
,"/Users/ashishsingh/code/expense-app/expense-node-service/src/models/Block.ts": {"path":"/Users/ashishsingh/code/expense-app/expense-node-service/src/models/Block.ts","statementMap":{"0":{"start":{"line":2,"column":0},"end":{"line":2,"column":62}},"1":{"start":{"line":3,"column":17},"end":{"line":3,"column":36}},"2":{"start":{"line":4,"column":20},"end":{"line":11,"column":2}},"3":{"start":{"line":12,"column":14},"end":{"line":12,"column":50}},"4":{"start":{"line":13,"column":0},"end":{"line":13,"column":24}}},"fnMap":{},"branchMap":{},"s":{"0":5,"1":5,"2":5,"3":5,"4":5},"f":{},"b":{},"inputSourceMap":{"version":3,"file":"Block.js","sourceRoot":"","sources":["Block.ts"],"names":[],"mappings":";;AAAA,qCAAqC;AAWrC,MAAM,WAAW,GAAG,IAAI,QAAQ,CAAC,MAAM,CAAC;IACpC,KAAK,EAAE,MAAM;IACb,YAAY,EAAE,MAAM;IACpB,SAAS,EAAE,MAAM;IACjB,IAAI,EAAE,MAAM;IACZ,IAAI,EAAE,MAAM;IACZ,KAAK,EAAE,MAAM;CAChB,CAAC,CAAC;AAEH,MAAM,KAAK,GAAG,QAAQ,CAAC,KAAK,CAAa,OAAO,EAAE,WAAW,CAAC,CAAC;AAC/D,kBAAe,KAAK,CAAC","sourcesContent":["import * as mongoose from \"mongoose\";\n\nexport type BlockModel = mongoose.Document & {\n    index: number,\n    previousHash: string,\n    timestamp: string,\n    data: string,\n    hash: string,\n    nonce: string\n};\n\nconst blockSchema = new mongoose.Schema({\n    index: Number,\n    previousHash: String,\n    timestamp: String,\n    data: String,\n    hash: String,\n    nonce: String\n});\n\nconst Block = mongoose.model<BlockModel>(\"Block\", blockSchema);\nexport default Block;"]},"_coverageSchema":"332fd63041d2c1bcb487cc26dd0d5f7d97098a6c","hash":"fb3d6722e60955bab7a58c30e456e1969c9cbcdf"}
,"/Users/ashishsingh/code/expense-app/expense-node-service/src/models/User.ts": {"path":"/Users/ashishsingh/code/expense-app/expense-node-service/src/models/User.ts","statementMap":{"0":{"start":{"line":2,"column":0},"end":{"line":2,"column":62}},"1":{"start":{"line":3,"column":15},"end":{"line":3,"column":39}},"2":{"start":{"line":4,"column":17},"end":{"line":4,"column":36}},"3":{"start":{"line":5,"column":19},"end":{"line":21,"column":24}},"4":{"start":{"line":25,"column":0},"end":{"line":42,"column":3}},"5":{"start":{"line":26,"column":17},"end":{"line":26,"column":21}},"6":{"start":{"line":27,"column":4},"end":{"line":29,"column":5}},"7":{"start":{"line":28,"column":8},"end":{"line":28,"column":22}},"8":{"start":{"line":30,"column":4},"end":{"line":41,"column":7}},"9":{"start":{"line":31,"column":8},"end":{"line":33,"column":9}},"10":{"start":{"line":32,"column":12},"end":{"line":32,"column":29}},"11":{"start":{"line":34,"column":8},"end":{"line":40,"column":11}},"12":{"start":{"line":35,"column":12},"end":{"line":37,"column":13}},"13":{"start":{"line":36,"column":16},"end":{"line":36,"column":33}},"14":{"start":{"line":38,"column":12},"end":{"line":38,"column":33}},"15":{"start":{"line":39,"column":12},"end":{"line":39,"column":19}},"16":{"start":{"line":43,"column":0},"end":{"line":47,"column":2}},"17":{"start":{"line":44,"column":4},"end":{"line":46,"column":7}},"18":{"start":{"line":45,"column":8},"end":{"line":45,"column":25}},"19":{"start":{"line":49,"column":13},"end":{"line":49,"column":47}},"20":{"start":{"line":50,"column":0},"end":{"line":50,"column":23}}},"fnMap":{"0":{"name":"save","decl":{"start":{"line":25,"column":32},"end":{"line":25,"column":36}},"loc":{"start":{"line":25,"column":43},"end":{"line":42,"column":1}},"line":25},"1":{"name":"(anonymous_1)","decl":{"start":{"line":30,"column":23},"end":{"line":30,"column":24}},"loc":{"start":{"line":30,"column":38},"end":{"line":41,"column":5}},"line":30},"2":{"name":"(anonymous_2)","decl":{"start":{"line":34,"column":52},"end":{"line":34,"column":53}},"loc":{"start":{"line":34,"column":67},"end":{"line":40,"column":9}},"line":34},"3":{"name":"(anonymous_3)","decl":{"start":{"line":43,"column":37},"end":{"line":43,"column":38}},"loc":{"start":{"line":43,"column":70},"end":{"line":47,"column":1}},"line":43},"4":{"name":"(anonymous_4)","decl":{"start":{"line":44,"column":53},"end":{"line":44,"column":54}},"loc":{"start":{"line":44,"column":71},"end":{"line":46,"column":5}},"line":44}},"branchMap":{"0":{"loc":{"start":{"line":27,"column":4},"end":{"line":29,"column":5}},"type":"if","locations":[{"start":{"line":27,"column":4},"end":{"line":29,"column":5}},{"start":{"line":27,"column":4},"end":{"line":29,"column":5}}],"line":27},"1":{"loc":{"start":{"line":31,"column":8},"end":{"line":33,"column":9}},"type":"if","locations":[{"start":{"line":31,"column":8},"end":{"line":33,"column":9}},{"start":{"line":31,"column":8},"end":{"line":33,"column":9}}],"line":31},"2":{"loc":{"start":{"line":35,"column":12},"end":{"line":37,"column":13}},"type":"if","locations":[{"start":{"line":35,"column":12},"end":{"line":37,"column":13}},{"start":{"line":35,"column":12},"end":{"line":37,"column":13}}],"line":35}},"s":{"0":5,"1":5,"2":5,"3":5,"4":5,"5":0,"6":0,"7":0,"8":0,"9":0,"10":0,"11":0,"12":0,"13":0,"14":0,"15":0,"16":5,"17":0,"18":0,"19":5,"20":5},"f":{"0":0,"1":0,"2":0,"3":0,"4":0},"b":{"0":[0,0],"1":[0,0],"2":[0,0]},"inputSourceMap":{"version":3,"file":"User.js","sourceRoot":"","sources":["User.ts"],"names":[],"mappings":";;AAAA,wCAAwC;AAExC,qCAAqC;AA4BrC,MAAM,UAAU,GAAG,IAAI,QAAQ,CAAC,MAAM,CAAC;IACrC,KAAK,EAAE,EAAE,IAAI,EAAE,MAAM,EAAE,MAAM,EAAE,IAAI,EAAE;IACrC,QAAQ,EAAE,MAAM;IAChB,kBAAkB,EAAE,MAAM;IAC1B,oBAAoB,EAAE,IAAI;IAE1B,QAAQ,EAAE,MAAM;IAChB,OAAO,EAAE,MAAM;IACf,MAAM,EAAE,MAAM;IACd,MAAM,EAAE,KAAK;IAEb,OAAO,EAAE;QACP,IAAI,EAAE,MAAM;QACZ,MAAM,EAAE,MAAM;QACd,QAAQ,EAAE,MAAM;QAChB,OAAO,EAAE,MAAM;QACf,OAAO,EAAE,MAAM;KAChB;CACF,EAAE,EAAE,UAAU,EAAE,IAAI,EAAE,CAAC,CAAC;AAEzB;;GAEG;AACH,UAAU,CAAC,GAAG,CAAC,MAAM,EAAE,cAAc,IAAI;IACvC,MAAM,IAAI,GAAG,IAAI,CAAC;IAClB,EAAE,CAAC,CAAC,CAAC,IAAI,CAAC,UAAU,CAAC,UAAU,CAAC,CAAC,CAAC,CAAC;QAAC,MAAM,CAAC,IAAI,EAAE,CAAC;IAAC,CAAC;IACpD,MAAM,CAAC,OAAO,CAAC,EAAE,EAAE,CAAC,GAAG,EAAE,IAAI,EAAE,EAAE;QAC/B,EAAE,CAAC,CAAC,GAAG,CAAC,CAAC,CAAC;YAAC,MAAM,CAAC,IAAI,CAAC,GAAG,CAAC,CAAC;QAAC,CAAC;QAC9B,MAAM,CAAC,IAAI,CAAC,IAAI,CAAC,QAAQ,EAAE,IAAI,EAAE,SAAS,EAAE,CAAC,GAAmB,EAAE,IAAI,EAAE,EAAE;YACxE,EAAE,CAAC,CAAC,GAAG,CAAC,CAAC,CAAC;gBAAC,MAAM,CAAC,IAAI,CAAC,GAAG,CAAC,CAAC;YAAC,CAAC;YAC9B,IAAI,CAAC,QAAQ,GAAG,IAAI,CAAC;YACrB,IAAI,EAAE,CAAC;QACT,CAAC,CAAC,CAAC;IACL,CAAC,CAAC,CAAC;AACL,CAAC,CAAC,CAAC;AAEH,UAAU,CAAC,OAAO,CAAC,eAAe,GAAG,UAAU,iBAAyB,EAAE,EAAkC;IAC1G,MAAM,CAAC,OAAO,CAAC,iBAAiB,EAAE,IAAI,CAAC,QAAQ,EAAE,CAAC,GAAmB,EAAE,OAAgB,EAAE,EAAE;QACzF,EAAE,CAAC,GAAG,EAAE,OAAO,CAAC,CAAC;IACnB,CAAC,CAAC,CAAC;AACL,CAAC,CAAC;AAEF,8EAA8E;AAC9E,MAAM,IAAI,GAAG,QAAQ,CAAC,KAAK,CAAC,MAAM,EAAE,UAAU,CAAC,CAAC;AAChD,kBAAe,IAAI,CAAC","sourcesContent":["import * as bcrypt from \"bcrypt-nodejs\";\nimport * as crypto from \"crypto\";\nimport * as mongoose from \"mongoose\";\n\nexport type UserModel = mongoose.Document & {\n  email: string,\n  password: string,\n  passwordResetToken: string,\n  passwordResetExpires: Date,\n\n  facebook: string,\n  tokens: AuthToken[],\n\n  profile: {\n    name: string,\n    gender: string,\n    location: string,\n    website: string,\n    picture: string\n  },\n\n  comparePassword: (candidatePassword: string, cb: (err: any, isMatch: any) => {}) => void,\n  gravatar: (size: number) => string\n};\n\nexport type AuthToken = {\n  accessToken: string,\n  kind: string\n};\n\nconst userSchema = new mongoose.Schema({\n  email: { type: String, unique: true },\n  password: String,\n  passwordResetToken: String,\n  passwordResetExpires: Date,\n\n  facebook: String,\n  twitter: String,\n  google: String,\n  tokens: Array,\n\n  profile: {\n    name: String,\n    gender: String,\n    location: String,\n    website: String,\n    picture: String\n  }\n}, { timestamps: true });\n\n/**\n * Password hash middleware.\n */\nuserSchema.pre(\"save\", function save(next) {\n  const user = this;\n  if (!user.isModified(\"password\")) { return next(); }\n  bcrypt.genSalt(10, (err, salt) => {\n    if (err) { return next(err); }\n    bcrypt.hash(user.password, salt, undefined, (err: mongoose.Error, hash) => {\n      if (err) { return next(err); }\n      user.password = hash;\n      next();\n    });\n  });\n});\n\nuserSchema.methods.comparePassword = function (candidatePassword: string, cb: (err: any, isMatch: any) => {}) {\n  bcrypt.compare(candidatePassword, this.password, (err: mongoose.Error, isMatch: boolean) => {\n    cb(err, isMatch);\n  });\n};\n\n// export const User: UserType = mongoose.model<UserType>('User', userSchema);\nconst User = mongoose.model(\"User\", userSchema);\nexport default User;"]},"_coverageSchema":"332fd63041d2c1bcb487cc26dd0d5f7d97098a6c","hash":"0b5aae34ccf49a67ddfe12019febb2c830de5ac3"}
,"/Users/ashishsingh/code/expense-app/expense-node-service/src/routes/route.ts": {"path":"/Users/ashishsingh/code/expense-app/expense-node-service/src/routes/route.ts","statementMap":{"0":{"start":{"line":2,"column":18},"end":{"line":2,"column":36}},"1":{"start":{"line":3,"column":16},"end":{"line":3,"column":42}},"2":{"start":{"line":4,"column":15},"end":{"line":4,"column":33}},"3":{"start":{"line":5,"column":0},"end":{"line":13,"column":3}},"4":{"start":{"line":6,"column":18},"end":{"line":6,"column":47}},"5":{"start":{"line":7,"column":4},"end":{"line":12,"column":7}},"6":{"start":{"line":8,"column":8},"end":{"line":9,"column":29}},"7":{"start":{"line":9,"column":12},"end":{"line":9,"column":29}},"8":{"start":{"line":10,"column":8},"end":{"line":10,"column":24}},"9":{"start":{"line":11,"column":8},"end":{"line":11,"column":24}},"10":{"start":{"line":14,"column":0},"end":{"line":20,"column":3}},"11":{"start":{"line":15,"column":4},"end":{"line":19,"column":7}},"12":{"start":{"line":16,"column":8},"end":{"line":17,"column":29}},"13":{"start":{"line":17,"column":12},"end":{"line":17,"column":29}},"14":{"start":{"line":18,"column":8},"end":{"line":18,"column":25}},"15":{"start":{"line":21,"column":0},"end":{"line":21,"column":24}}},"fnMap":{"0":{"name":"(anonymous_0)","decl":{"start":{"line":5,"column":17},"end":{"line":5,"column":18}},"loc":{"start":{"line":5,"column":37},"end":{"line":13,"column":1}},"line":5},"1":{"name":"(anonymous_1)","decl":{"start":{"line":7,"column":15},"end":{"line":7,"column":16}},"loc":{"start":{"line":7,"column":31},"end":{"line":12,"column":5}},"line":7},"2":{"name":"(anonymous_2)","decl":{"start":{"line":14,"column":16},"end":{"line":14,"column":17}},"loc":{"start":{"line":14,"column":36},"end":{"line":20,"column":1}},"line":14},"3":{"name":"(anonymous_3)","decl":{"start":{"line":15,"column":54},"end":{"line":15,"column":55}},"loc":{"start":{"line":15,"column":71},"end":{"line":19,"column":5}},"line":15}},"branchMap":{"0":{"loc":{"start":{"line":8,"column":8},"end":{"line":9,"column":29}},"type":"if","locations":[{"start":{"line":8,"column":8},"end":{"line":9,"column":29}},{"start":{"line":8,"column":8},"end":{"line":9,"column":29}}],"line":8},"1":{"loc":{"start":{"line":16,"column":8},"end":{"line":17,"column":29}},"type":"if","locations":[{"start":{"line":16,"column":8},"end":{"line":17,"column":29}},{"start":{"line":16,"column":8},"end":{"line":17,"column":29}}],"line":16}},"s":{"0":5,"1":5,"2":5,"3":5,"4":0,"5":0,"6":0,"7":0,"8":0,"9":0,"10":5,"11":0,"12":0,"13":0,"14":0,"15":5},"f":{"0":0,"1":0,"2":0,"3":0},"b":{"0":[0,0],"1":[0,0]},"inputSourceMap":{"version":3,"file":"route.js","sourceRoot":"","sources":["route.ts"],"names":[],"mappings":";AAAA,qCAAkE;AAClE,2CAA+D;AAE/D,MAAM,MAAM,GAAG,gBAAM,EAAE,CAAC;AAExB,MAAM,CAAC,IAAI,CAAC,GAAG,EAAE,CAAC,GAAY,EAAE,GAAa,EAAE,IAAkB,EAAE,EAAE;IACnE,MAAM,KAAK,GAAG,IAAI,eAAK,CAAC,GAAG,CAAC,IAAI,CAAC,CAAC;IAClC,KAAK,CAAC,IAAI,CAAC,CAAC,GAAU,EAAE,KAAiB,EAAE,EAAE;QAC3C,EAAE,CAAC,CAAC,GAAG,CAAC;YAAC,MAAM,CAAC,IAAI,CAAC,GAAG,CAAC,CAAC;QAC1B,GAAG,CAAC,MAAM,CAAC,GAAG,CAAC,CAAC;QAChB,GAAG,CAAC,IAAI,CAAC,KAAK,CAAC,CAAC;IAClB,CAAC,CAAC,CAAC;AACL,CAAC,CAAC,CAAC;AAEH,MAAM,CAAC,GAAG,CAAC,GAAG,EAAE,CAAC,GAAY,EAAE,GAAa,EAAE,IAAkB,EAAE,EAAE;IAClE,eAAK,CAAC,IAAI,CAAC,EAAE,CAAC,CAAC,IAAI,CAAC,EAAE,KAAK,EAAE,CAAC,CAAC,EAAE,CAAC,CAAC,IAAI,CAAC,CAAC,GAAG,EAAE,MAAM,EAAE,EAAE;QACtD,EAAE,CAAC,CAAC,GAAG,CAAC;YAAC,MAAM,CAAC,IAAI,CAAC,GAAG,CAAC,CAAC;QAC1B,GAAG,CAAC,IAAI,CAAC,MAAM,CAAC,CAAC;IACnB,CAAC,CAAC,CAAC;AACL,CAAC,CAAC,CAAC;AAEH,iBAAS,MAAM,CAAC","sourcesContent":["import { Request, Response, NextFunction, Router } from \"express\";\nimport { default as Block, BlockModel } from \"../models/Block\";\n\nconst router = Router();\n\nrouter.post(\"/\", (req: Request, res: Response, next: NextFunction) => {\n  const block = new Block(req.body);\n  block.save((err: Error, block: BlockModel) => {\n    if (err) return next(err);\n    res.status(201);\n    res.json(block);\n  });\n});\n\nrouter.get(\"/\", (req: Request, res: Response, next: NextFunction) => {\n  Block.find({}).sort({ index: -1 }).exec((err, blocks) => {\n    if (err) return next(err);\n    res.json(blocks);\n  });\n});\n\nexport = router;"]},"_coverageSchema":"332fd63041d2c1bcb487cc26dd0d5f7d97098a6c","hash":"f370a5048427e8ef574b064addaf2f2da61fa914"}
}
